#
# There is insufficient memory for the Java Runtime Environment to continue.
# Native memory allocation (malloc) failed to allocate 1103696 bytes. Error detail: Chunk::new
# Possible reasons:
#   The system is out of physical RAM or swap space
#   This process is running with CompressedOops enabled, and the Java Heap may be blocking the growth of the native heap
# Possible solutions:
#   Reduce memory load on the system
#   Increase physical memory or swap space
#   Check if swap backing store is full
#   Decrease Java heap size (-Xmx/-Xms)
#   Decrease number of Java threads
#   Decrease Java thread stack sizes (-Xss)
#   Set larger code cache with -XX:ReservedCodeCacheSize=
#   JVM is running with Zero Based Compressed Oops mode in which the Java heap is
#     placed in the first 32GB address space. The Java Heap base address is the
#     maximum limit for the native heap growth. Please use -XX:HeapBaseMinAddress
#     to set the Java Heap base and to place the Java Heap above 32GB virtual address.
# This output file may be truncated or incomplete.
#
#  Out of Memory Error (arena.cpp:150), pid=355100, tid=355872
#
# JRE version: Java(TM) SE Runtime Environment (22.0.1+8) (build 22.0.1+8-16)
# Java VM: Java HotSpot(TM) 64-Bit Server VM (22.0.1+8-16, mixed mode, sharing, tiered, compressed oops, compressed class ptrs, g1 gc, windows-amd64)
# No core dump will be written. Minidumps are not enabled by default on client versions of Windows
#

---------------  S U M M A R Y ------------

Command Line: -Dclassworlds.conf=D:\SOFT\apache-maven-3.9.8-bin\apache-maven-3.9.8\bin\m2.conf -Dmaven.home=D:\SOFT\apache-maven-3.9.8-bin\apache-maven-3.9.8 -Dlibrary.jansi.path=D:\SOFT\apache-maven-3.9.8-bin\apache-maven-3.9.8\lib\jansi-native -Dmaven.multiModuleProjectDirectory=d:\avbc\Documents\TelRun\util\leaner-recoursion org.codehaus.plexus.classworlds.launcher.Launcher -q help:effective-pom -Doutput=d:\avbc\Documents\TelRun\util\leaner-recoursion\linear-recursion\effective-pom.xml -f d:/avbc/Documents/TelRun/util/leaner-recoursion/linear-recursion/pom.xml

Host: 11th Gen Intel(R) Core(TM) i5-1135G7 @ 2.40GHz, 8 cores, 15G,  Windows 10 , 64 bit Build 19041 (10.0.19041.4842)
Time: Wed Sep 11 22:00:53 2024 RTZ 2 (s 10 , 64 bit Build 19041 (10.0.19041.4842) elapsed time: 1.844617 seconds (0d 0h 0m 1s)

---------------  T H R E A D  ---------------

Current thread (0x0000024cc5373780):  JavaThread "C2 CompilerThread1" daemon [_thread_in_native, id=355872, stack(0x0000008fa6d00000,0x0000008fa6e00000) (1024K)]


Current CompileTask:
C2:1844 3288       4       org.codehaus.plexus.configuration.xml.XmlPlexusConfiguration::<init> (96 bytes)

Stack: [0x0000008fa6d00000,0x0000008fa6e00000]
Native frames: (J=compiled Java code, j=interpreted, Vv=VM code, C=native code)
V  [jvm.dll+0x6e2279]  (no source info available)
V  [jvm.dll+0x874e33]  (no source info available)
V  [jvm.dll+0x87725e]  (no source info available)
V  [jvm.dll+0x877933]  (no source info available)
V  [jvm.dll+0x27fd76]  (no source info available)
V  [jvm.dll+0xc3d0f]  (no source info available)
V  [jvm.dll+0xc3f6b]  (no source info available)
V  [jvm.dll+0x3bb0d2]  (no source info available)
V  [jvm.dll+0x1df67c]  (no source info available)
V  [jvm.dll+0x247a5c]  (no source info available)
V  [jvm.dll+0x246fbf]  (no source info available)
V  [jvm.dll+0x1c4e90]  (no source info available)
V  [jvm.dll+0x2569fe]  (no source info available)
V  [jvm.dll+0x254cba]  (no source info available)
V  [jvm.dll+0x3f5336]  (no source info available)
V  [jvm.dll+0x81d44b]  (no source info available)
V  [jvm.dll+0x6e0915]  (no source info available)
C  [ucrtbase.dll+0x21bb2]  (no source info available)
C  [KERNEL32.DLL+0x17374]  (no source info available)
C  [ntdll.dll+0x4cc91]  (no source info available)


---------------  P R O C E S S  ---------------

Threads class SMR info:
_java_thread_list=0x0000024ce862ec20, length=15, elements={
0x0000024cc8b19390, 0x0000024ce7a5b9a0, 0x0000024ce7a609c0, 0x0000024ce7a65ef0,
0x0000024ce7a66cc0, 0x0000024ce7a67810, 0x0000024ce7a68360, 0x0000024ce7a69980,
0x0000024ce7a6b440, 0x0000024cc5272370, 0x0000024cc527b630, 0x0000024cc5373780,
0x0000024cc5a85270, 0x0000024ce8ae1b80, 0x0000024ce8bdc060
}

Java Threads: ( => current thread )
  0x0000024cc8b19390 JavaThread "main"                              [_thread_blocked, id=354176, stack(0x0000008fa5b00000,0x0000008fa5c00000) (1024K)]
  0x0000024ce7a5b9a0 JavaThread "Reference Handler"          daemon [_thread_blocked, id=293916, stack(0x0000008fa6300000,0x0000008fa6400000) (1024K)]
  0x0000024ce7a609c0 JavaThread "Finalizer"                  daemon [_thread_blocked, id=348460, stack(0x0000008fa6400000,0x0000008fa6500000) (1024K)]
  0x0000024ce7a65ef0 JavaThread "Signal Dispatcher"          daemon [_thread_blocked, id=356804, stack(0x0000008fa6500000,0x0000008fa6600000) (1024K)]
  0x0000024ce7a66cc0 JavaThread "Attach Listener"            daemon [_thread_blocked, id=357076, stack(0x0000008fa6600000,0x0000008fa6700000) (1024K)]
  0x0000024ce7a67810 JavaThread "Service Thread"             daemon [_thread_blocked, id=18068, stack(0x0000008fa6700000,0x0000008fa6800000) (1024K)]
  0x0000024ce7a68360 JavaThread "Monitor Deflation Thread"   daemon [_thread_blocked, id=161056, stack(0x0000008fa6800000,0x0000008fa6900000) (1024K)]
  0x0000024ce7a69980 JavaThread "C2 CompilerThread0"         daemon [_thread_in_native, id=353328, stack(0x0000008fa6900000,0x0000008fa6a00000) (1024K)]
  0x0000024ce7a6b440 JavaThread "C1 CompilerThread0"         daemon [_thread_blocked, id=338564, stack(0x0000008fa6a00000,0x0000008fa6b00000) (1024K)]
  0x0000024cc5272370 JavaThread "Notification Thread"        daemon [_thread_blocked, id=351052, stack(0x0000008fa6b00000,0x0000008fa6c00000) (1024K)]
  0x0000024cc527b630 JavaThread "Common-Cleaner"             daemon [_thread_blocked, id=354928, stack(0x0000008fa6c00000,0x0000008fa6d00000) (1024K)]
=>0x0000024cc5373780 JavaThread "C2 CompilerThread1"         daemon [_thread_in_native, id=355872, stack(0x0000008fa6d00000,0x0000008fa6e00000) (1024K)]
  0x0000024cc5a85270 JavaThread "C2 CompilerThread2"         daemon [_thread_in_native, id=354388, stack(0x0000008fa6e00000,0x0000008fa6f00000) (1024K)]
  0x0000024ce8ae1b80 JavaThread "DefaultMetadataResolver-0-0" daemon [_thread_in_vm, id=354828, stack(0x0000008fa7600000,0x0000008fa7700000) (1024K)]
  0x0000024ce8bdc060 JavaThread "DefaultMetadataResolver-0-1" daemon [_thread_blocked, id=351568, stack(0x0000008fa7700000,0x0000008fa7800000) (1024K)]
Total: 15

Other Threads:
  0x0000024ce7a3fec0 VMThread "VM Thread"                           [id=355492, stack(0x0000008fa6200000,0x0000008fa6300000) (1024K)]
  0x0000024ce7a2a110 WatcherThread "VM Periodic Task Thread"        [id=354796, stack(0x0000008fa6100000,0x0000008fa6200000) (1024K)]
  0x0000024cc8b7aa00 WorkerThread "GC Thread#0"                     [id=354572, stack(0x0000008fa5c00000,0x0000008fa5d00000) (1024K)]
  0x0000024ce84f4010 WorkerThread "GC Thread#1"                     [id=348240, stack(0x0000008fa6f00000,0x0000008fa7000000) (1024K)]
  0x0000024ce8026970 WorkerThread "GC Thread#2"                     [id=347940, stack(0x0000008fa7000000,0x0000008fa7100000) (1024K)]
  0x0000024ce8026d20 WorkerThread "GC Thread#3"                     [id=357264, stack(0x0000008fa7100000,0x0000008fa7200000) (1024K)]
  0x0000024ce81c44d0 WorkerThread "GC Thread#4"                     [id=341344, stack(0x0000008fa7200000,0x0000008fa7300000) (1024K)]
  0x0000024ce81c4880 WorkerThread "GC Thread#5"                     [id=351756, stack(0x0000008fa7300000,0x0000008fa7400000) (1024K)]
  0x0000024ce8587c00 WorkerThread "GC Thread#6"                     [id=27108, stack(0x0000008fa7400000,0x0000008fa7500000) (1024K)]
  0x0000024ce7bb2100 WorkerThread "GC Thread#7"                     [id=354484, stack(0x0000008fa7500000,0x0000008fa7600000) (1024K)]
  0x0000024cc8b8b540 ConcurrentGCThread "G1 Main Marker"            [id=356268, stack(0x0000008fa5d00000,0x0000008fa5e00000) (1024K)]
  0x0000024cc8b8c050 WorkerThread "G1 Conc#0"                       [id=310580, stack(0x0000008fa5e00000,0x0000008fa5f00000) (1024K)]
  0x0000024cc8bde9e0 ConcurrentGCThread "G1 Refine#0"               [id=356288, stack(0x0000008fa5f00000,0x0000008fa6000000) (1024K)]
  0x0000024ce78fb790 ConcurrentGCThread "G1 Service"                [id=355088, stack(0x0000008fa6000000,0x0000008fa6100000) (1024K)]
Total: 14

Threads with active compile tasks:
C2 CompilerThread0  1889 3606       4       jdk.internal.util.ArraysSupport::vectorizedHashCode (158 bytes)
C2 CompilerThread1  1889 3288       4       org.codehaus.plexus.configuration.xml.XmlPlexusConfiguration::<init> (96 bytes)
C2 CompilerThread2  1889 3601   !   4       java.util.concurrent.ConcurrentHashMap::putVal (432 bytes)
Total: 3

VM state: not at safepoint (normal execution)

VM Mutex/Monitor currently owned by a thread: None

Heap address: 0x0000000704a00000, size: 4022 MB, Compressed Oops mode: Zero based, Oop shift amount: 3

CDS archive(s) mapped at: [0x0000024c80000000-0x0000024c80c60000-0x0000024c80c60000), size 12976128, SharedBaseAddress: 0x0000024c80000000, ArchiveRelocationMode: 1.
Compressed class space mapped at: 0x0000024c81000000-0x0000024cc1000000, reserved size: 1073741824
Narrow klass base: 0x0000024c80000000, Narrow klass shift: 0, Narrow klass range: 0x41000000

GC Precious Log:
 CardTable entry size: 512
 Card Set container configuration: InlinePtr #cards 4 size 8 Array Of Cards #cards 16 size 48 Howl #buckets 8 coarsen threshold 3686 Howl Bitmap #cards 512 size 80 coarsen threshold 460 Card regions per heap region 1 cards per card region 4096
 CPUs: 8 total, 8 available
 Memory: 16080M
 Large Page Support: Disabled
 NUMA Support: Disabled
 Compressed Oops: Enabled (Zero based)
 Heap Region Size: 2M
 Heap Min Capacity: 8M
 Heap Initial Capacity: 252M
 Heap Max Capacity: 4022M
 Pre-touch: Disabled
 Parallel Workers: 8
 Concurrent Workers: 2
 Concurrent Refinement Workers: 8
 Periodic GC: Disabled

Heap:
 garbage-first heap   total reserved 4118528K, committed 258048K, used 57678K [0x0000000704a00000, 0x0000000800000000)
  region size 2048K, 28 young (57344K), 2 survivors (4096K)
 Metaspace       used 17908K, committed 18112K, reserved 1114112K
  class space    used 2145K, committed 2240K, reserved 1048576K

Heap Regions: E=young(eden), S=young(survivor), O=old, HS=humongous(starts), HC=humongous(continues), CS=collection set, F=free, TAMS=top-at-mark-start, PB=parsable bottom
|   0|0x0000000704a00000, 0x0000000704c00000, 0x0000000704c00000|100%| O|  |TAMS 0x0000000704a00000| PB 0x0000000704a00000| Untracked |  0
|   1|0x0000000704c00000, 0x0000000704d7e038, 0x0000000704e00000| 74%| O|  |TAMS 0x0000000704c00000| PB 0x0000000704c00000| Untracked |  0
|   2|0x0000000704e00000, 0x0000000704e00000, 0x0000000705000000|  0%| F|  |TAMS 0x0000000704e00000| PB 0x0000000704e00000| Untracked |  0
|   3|0x0000000705000000, 0x0000000705000000, 0x0000000705200000|  0%| F|  |TAMS 0x0000000705000000| PB 0x0000000705000000| Untracked |  0
|   4|0x0000000705200000, 0x0000000705200000, 0x0000000705400000|  0%| F|  |TAMS 0x0000000705200000| PB 0x0000000705200000| Untracked |  0
|   5|0x0000000705400000, 0x0000000705400000, 0x0000000705600000|  0%| F|  |TAMS 0x0000000705400000| PB 0x0000000705400000| Untracked |  0
|   6|0x0000000705600000, 0x0000000705600000, 0x0000000705800000|  0%| F|  |TAMS 0x0000000705600000| PB 0x0000000705600000| Untracked |  0
|   7|0x0000000705800000, 0x0000000705800000, 0x0000000705a00000|  0%| F|  |TAMS 0x0000000705800000| PB 0x0000000705800000| Untracked |  0
|   8|0x0000000705a00000, 0x0000000705a00000, 0x0000000705c00000|  0%| F|  |TAMS 0x0000000705a00000| PB 0x0000000705a00000| Untracked |  0
|   9|0x0000000705c00000, 0x0000000705c00000, 0x0000000705e00000|  0%| F|  |TAMS 0x0000000705c00000| PB 0x0000000705c00000| Untracked |  0
|  10|0x0000000705e00000, 0x0000000705e00000, 0x0000000706000000|  0%| F|  |TAMS 0x0000000705e00000| PB 0x0000000705e00000| Untracked |  0
|  11|0x0000000706000000, 0x0000000706000000, 0x0000000706200000|  0%| F|  |TAMS 0x0000000706000000| PB 0x0000000706000000| Untracked |  0
|  12|0x0000000706200000, 0x0000000706200000, 0x0000000706400000|  0%| F|  |TAMS 0x0000000706200000| PB 0x0000000706200000| Untracked |  0
|  13|0x0000000706400000, 0x0000000706400000, 0x0000000706600000|  0%| F|  |TAMS 0x0000000706400000| PB 0x0000000706400000| Untracked |  0
|  14|0x0000000706600000, 0x0000000706600000, 0x0000000706800000|  0%| F|  |TAMS 0x0000000706600000| PB 0x0000000706600000| Untracked |  0
|  15|0x0000000706800000, 0x0000000706800000, 0x0000000706a00000|  0%| F|  |TAMS 0x0000000706800000| PB 0x0000000706800000| Untracked |  0
|  16|0x0000000706a00000, 0x0000000706a00000, 0x0000000706c00000|  0%| F|  |TAMS 0x0000000706a00000| PB 0x0000000706a00000| Untracked |  0
|  17|0x0000000706c00000, 0x0000000706c00000, 0x0000000706e00000|  0%| F|  |TAMS 0x0000000706c00000| PB 0x0000000706c00000| Untracked |  0
|  18|0x0000000706e00000, 0x0000000706e00000, 0x0000000707000000|  0%| F|  |TAMS 0x0000000706e00000| PB 0x0000000706e00000| Untracked |  0
|  19|0x0000000707000000, 0x0000000707000000, 0x0000000707200000|  0%| F|  |TAMS 0x0000000707000000| PB 0x0000000707000000| Untracked |  0
|  20|0x0000000707200000, 0x0000000707200000, 0x0000000707400000|  0%| F|  |TAMS 0x0000000707200000| PB 0x0000000707200000| Untracked |  0
|  21|0x0000000707400000, 0x0000000707400000, 0x0000000707600000|  0%| F|  |TAMS 0x0000000707400000| PB 0x0000000707400000| Untracked |  0
|  22|0x0000000707600000, 0x0000000707600000, 0x0000000707800000|  0%| F|  |TAMS 0x0000000707600000| PB 0x0000000707600000| Untracked |  0
|  23|0x0000000707800000, 0x0000000707800000, 0x0000000707a00000|  0%| F|  |TAMS 0x0000000707800000| PB 0x0000000707800000| Untracked |  0
|  24|0x0000000707a00000, 0x0000000707a00000, 0x0000000707c00000|  0%| F|  |TAMS 0x0000000707a00000| PB 0x0000000707a00000| Untracked |  0
|  25|0x0000000707c00000, 0x0000000707c00000, 0x0000000707e00000|  0%| F|  |TAMS 0x0000000707c00000| PB 0x0000000707c00000| Untracked |  0
|  26|0x0000000707e00000, 0x0000000707e00000, 0x0000000708000000|  0%| F|  |TAMS 0x0000000707e00000| PB 0x0000000707e00000| Untracked |  0
|  27|0x0000000708000000, 0x0000000708000000, 0x0000000708200000|  0%| F|  |TAMS 0x0000000708000000| PB 0x0000000708000000| Untracked |  0
|  28|0x0000000708200000, 0x0000000708200000, 0x0000000708400000|  0%| F|  |TAMS 0x0000000708200000| PB 0x0000000708200000| Untracked |  0
|  29|0x0000000708400000, 0x0000000708400000, 0x0000000708600000|  0%| F|  |TAMS 0x0000000708400000| PB 0x0000000708400000| Untracked |  0
|  30|0x0000000708600000, 0x0000000708600000, 0x0000000708800000|  0%| F|  |TAMS 0x0000000708600000| PB 0x0000000708600000| Untracked |  0
|  31|0x0000000708800000, 0x0000000708800000, 0x0000000708a00000|  0%| F|  |TAMS 0x0000000708800000| PB 0x0000000708800000| Untracked |  0
|  32|0x0000000708a00000, 0x0000000708a00000, 0x0000000708c00000|  0%| F|  |TAMS 0x0000000708a00000| PB 0x0000000708a00000| Untracked |  0
|  33|0x0000000708c00000, 0x0000000708c00000, 0x0000000708e00000|  0%| F|  |TAMS 0x0000000708c00000| PB 0x0000000708c00000| Untracked |  0
|  34|0x0000000708e00000, 0x0000000708e00000, 0x0000000709000000|  0%| F|  |TAMS 0x0000000708e00000| PB 0x0000000708e00000| Untracked |  0
|  35|0x0000000709000000, 0x0000000709000000, 0x0000000709200000|  0%| F|  |TAMS 0x0000000709000000| PB 0x0000000709000000| Untracked |  0
|  36|0x0000000709200000, 0x0000000709200000, 0x0000000709400000|  0%| F|  |TAMS 0x0000000709200000| PB 0x0000000709200000| Untracked |  0
|  37|0x0000000709400000, 0x0000000709400000, 0x0000000709600000|  0%| F|  |TAMS 0x0000000709400000| PB 0x0000000709400000| Untracked |  0
|  38|0x0000000709600000, 0x0000000709600000, 0x0000000709800000|  0%| F|  |TAMS 0x0000000709600000| PB 0x0000000709600000| Untracked |  0
|  39|0x0000000709800000, 0x0000000709800000, 0x0000000709a00000|  0%| F|  |TAMS 0x0000000709800000| PB 0x0000000709800000| Untracked |  0
|  40|0x0000000709a00000, 0x0000000709a00000, 0x0000000709c00000|  0%| F|  |TAMS 0x0000000709a00000| PB 0x0000000709a00000| Untracked |  0
|  41|0x0000000709c00000, 0x0000000709c00000, 0x0000000709e00000|  0%| F|  |TAMS 0x0000000709c00000| PB 0x0000000709c00000| Untracked |  0
|  42|0x0000000709e00000, 0x0000000709e00000, 0x000000070a000000|  0%| F|  |TAMS 0x0000000709e00000| PB 0x0000000709e00000| Untracked |  0
|  43|0x000000070a000000, 0x000000070a000000, 0x000000070a200000|  0%| F|  |TAMS 0x000000070a000000| PB 0x000000070a000000| Untracked |  0
|  44|0x000000070a200000, 0x000000070a200000, 0x000000070a400000|  0%| F|  |TAMS 0x000000070a200000| PB 0x000000070a200000| Untracked |  0
|  45|0x000000070a400000, 0x000000070a400000, 0x000000070a600000|  0%| F|  |TAMS 0x000000070a400000| PB 0x000000070a400000| Untracked |  0
|  46|0x000000070a600000, 0x000000070a600000, 0x000000070a800000|  0%| F|  |TAMS 0x000000070a600000| PB 0x000000070a600000| Untracked |  0
|  47|0x000000070a800000, 0x000000070a800000, 0x000000070aa00000|  0%| F|  |TAMS 0x000000070a800000| PB 0x000000070a800000| Untracked |  0
|  48|0x000000070aa00000, 0x000000070aa00000, 0x000000070ac00000|  0%| F|  |TAMS 0x000000070aa00000| PB 0x000000070aa00000| Untracked |  0
|  49|0x000000070ac00000, 0x000000070ac00000, 0x000000070ae00000|  0%| F|  |TAMS 0x000000070ac00000| PB 0x000000070ac00000| Untracked |  0
|  50|0x000000070ae00000, 0x000000070ae00000, 0x000000070b000000|  0%| F|  |TAMS 0x000000070ae00000| PB 0x000000070ae00000| Untracked |  0
|  51|0x000000070b000000, 0x000000070b000000, 0x000000070b200000|  0%| F|  |TAMS 0x000000070b000000| PB 0x000000070b000000| Untracked |  0
|  52|0x000000070b200000, 0x000000070b200000, 0x000000070b400000|  0%| F|  |TAMS 0x000000070b200000| PB 0x000000070b200000| Untracked |  0
|  53|0x000000070b400000, 0x000000070b400000, 0x000000070b600000|  0%| F|  |TAMS 0x000000070b400000| PB 0x000000070b400000| Untracked |  0
|  54|0x000000070b600000, 0x000000070b600000, 0x000000070b800000|  0%| F|  |TAMS 0x000000070b600000| PB 0x000000070b600000| Untracked |  0
|  55|0x000000070b800000, 0x000000070b800000, 0x000000070ba00000|  0%| F|  |TAMS 0x000000070b800000| PB 0x000000070b800000| Untracked |  0
|  56|0x000000070ba00000, 0x000000070ba00000, 0x000000070bc00000|  0%| F|  |TAMS 0x000000070ba00000| PB 0x000000070ba00000| Untracked |  0
|  57|0x000000070bc00000, 0x000000070bc00000, 0x000000070be00000|  0%| F|  |TAMS 0x000000070bc00000| PB 0x000000070bc00000| Untracked |  0
|  58|0x000000070be00000, 0x000000070be00000, 0x000000070c000000|  0%| F|  |TAMS 0x000000070be00000| PB 0x000000070be00000| Untracked |  0
|  59|0x000000070c000000, 0x000000070c000000, 0x000000070c200000|  0%| F|  |TAMS 0x000000070c000000| PB 0x000000070c000000| Untracked |  0
|  60|0x000000070c200000, 0x000000070c200000, 0x000000070c400000|  0%| F|  |TAMS 0x000000070c200000| PB 0x000000070c200000| Untracked |  0
|  61|0x000000070c400000, 0x000000070c400000, 0x000000070c600000|  0%| F|  |TAMS 0x000000070c400000| PB 0x000000070c400000| Untracked |  0
|  62|0x000000070c600000, 0x000000070c600000, 0x000000070c800000|  0%| F|  |TAMS 0x000000070c600000| PB 0x000000070c600000| Untracked |  0
|  63|0x000000070c800000, 0x000000070c800000, 0x000000070ca00000|  0%| F|  |TAMS 0x000000070c800000| PB 0x000000070c800000| Untracked |  0
|  64|0x000000070ca00000, 0x000000070ca00000, 0x000000070cc00000|  0%| F|  |TAMS 0x000000070ca00000| PB 0x000000070ca00000| Untracked |  0
|  65|0x000000070cc00000, 0x000000070cc00000, 0x000000070ce00000|  0%| F|  |TAMS 0x000000070cc00000| PB 0x000000070cc00000| Untracked |  0
|  66|0x000000070ce00000, 0x000000070ce00000, 0x000000070d000000|  0%| F|  |TAMS 0x000000070ce00000| PB 0x000000070ce00000| Untracked |  0
|  67|0x000000070d000000, 0x000000070d000000, 0x000000070d200000|  0%| F|  |TAMS 0x000000070d000000| PB 0x000000070d000000| Untracked |  0
|  68|0x000000070d200000, 0x000000070d200000, 0x000000070d400000|  0%| F|  |TAMS 0x000000070d200000| PB 0x000000070d200000| Untracked |  0
|  69|0x000000070d400000, 0x000000070d400000, 0x000000070d600000|  0%| F|  |TAMS 0x000000070d400000| PB 0x000000070d400000| Untracked |  0
|  70|0x000000070d600000, 0x000000070d600000, 0x000000070d800000|  0%| F|  |TAMS 0x000000070d600000| PB 0x000000070d600000| Untracked |  0
|  71|0x000000070d800000, 0x000000070d800000, 0x000000070da00000|  0%| F|  |TAMS 0x000000070d800000| PB 0x000000070d800000| Untracked |  0
|  72|0x000000070da00000, 0x000000070da00000, 0x000000070dc00000|  0%| F|  |TAMS 0x000000070da00000| PB 0x000000070da00000| Untracked |  0
|  73|0x000000070dc00000, 0x000000070dc00000, 0x000000070de00000|  0%| F|  |TAMS 0x000000070dc00000| PB 0x000000070dc00000| Untracked |  0
|  74|0x000000070de00000, 0x000000070de00000, 0x000000070e000000|  0%| F|  |TAMS 0x000000070de00000| PB 0x000000070de00000| Untracked |  0
|  75|0x000000070e000000, 0x000000070e000000, 0x000000070e200000|  0%| F|  |TAMS 0x000000070e000000| PB 0x000000070e000000| Untracked |  0
|  76|0x000000070e200000, 0x000000070e200000, 0x000000070e400000|  0%| F|  |TAMS 0x000000070e200000| PB 0x000000070e200000| Untracked |  0
|  77|0x000000070e400000, 0x000000070e400000, 0x000000070e600000|  0%| F|  |TAMS 0x000000070e400000| PB 0x000000070e400000| Untracked |  0
|  78|0x000000070e600000, 0x000000070e600000, 0x000000070e800000|  0%| F|  |TAMS 0x000000070e600000| PB 0x000000070e600000| Untracked |  0
|  79|0x000000070e800000, 0x000000070e800000, 0x000000070ea00000|  0%| F|  |TAMS 0x000000070e800000| PB 0x000000070e800000| Untracked |  0
|  80|0x000000070ea00000, 0x000000070ea00000, 0x000000070ec00000|  0%| F|  |TAMS 0x000000070ea00000| PB 0x000000070ea00000| Untracked |  0
|  81|0x000000070ec00000, 0x000000070ec00000, 0x000000070ee00000|  0%| F|  |TAMS 0x000000070ec00000| PB 0x000000070ec00000| Untracked |  0
|  82|0x000000070ee00000, 0x000000070ee00000, 0x000000070f000000|  0%| F|  |TAMS 0x000000070ee00000| PB 0x000000070ee00000| Untracked |  0
|  83|0x000000070f000000, 0x000000070f000000, 0x000000070f200000|  0%| F|  |TAMS 0x000000070f000000| PB 0x000000070f000000| Untracked |  0
|  84|0x000000070f200000, 0x000000070f200000, 0x000000070f400000|  0%| F|  |TAMS 0x000000070f200000| PB 0x000000070f200000| Untracked |  0
|  85|0x000000070f400000, 0x000000070f400000, 0x000000070f600000|  0%| F|  |TAMS 0x000000070f400000| PB 0x000000070f400000| Untracked |  0
|  86|0x000000070f600000, 0x000000070f600000, 0x000000070f800000|  0%| F|  |TAMS 0x000000070f600000| PB 0x000000070f600000| Untracked |  0
|  87|0x000000070f800000, 0x000000070f800000, 0x000000070fa00000|  0%| F|  |TAMS 0x000000070f800000| PB 0x000000070f800000| Untracked |  0
|  88|0x000000070fa00000, 0x000000070fa00000, 0x000000070fc00000|  0%| F|  |TAMS 0x000000070fa00000| PB 0x000000070fa00000| Untracked |  0
|  89|0x000000070fc00000, 0x000000070fc00000, 0x000000070fe00000|  0%| F|  |TAMS 0x000000070fc00000| PB 0x000000070fc00000| Untracked |  0
|  90|0x000000070fe00000, 0x000000070fe00000, 0x0000000710000000|  0%| F|  |TAMS 0x000000070fe00000| PB 0x000000070fe00000| Untracked |  0
|  91|0x0000000710000000, 0x0000000710000000, 0x0000000710200000|  0%| F|  |TAMS 0x0000000710000000| PB 0x0000000710000000| Untracked |  0
|  92|0x0000000710200000, 0x0000000710200000, 0x0000000710400000|  0%| F|  |TAMS 0x0000000710200000| PB 0x0000000710200000| Untracked |  0
|  93|0x0000000710400000, 0x0000000710400000, 0x0000000710600000|  0%| F|  |TAMS 0x0000000710400000| PB 0x0000000710400000| Untracked |  0
|  94|0x0000000710600000, 0x0000000710600000, 0x0000000710800000|  0%| F|  |TAMS 0x0000000710600000| PB 0x0000000710600000| Untracked |  0
|  95|0x0000000710800000, 0x0000000710800000, 0x0000000710a00000|  0%| F|  |TAMS 0x0000000710800000| PB 0x0000000710800000| Untracked |  0
|  96|0x0000000710a00000, 0x0000000710a00000, 0x0000000710c00000|  0%| F|  |TAMS 0x0000000710a00000| PB 0x0000000710a00000| Untracked |  0
|  97|0x0000000710c00000, 0x0000000710c00000, 0x0000000710e00000|  0%| F|  |TAMS 0x0000000710c00000| PB 0x0000000710c00000| Untracked |  0
|  98|0x0000000710e00000, 0x0000000710ffd120, 0x0000000711000000| 99%| E|  |TAMS 0x0000000710e00000| PB 0x0000000710e00000| Complete |  0
|  99|0x0000000711000000, 0x0000000711200000, 0x0000000711200000|100%| E|CS|TAMS 0x0000000711000000| PB 0x0000000711000000| Complete |  0
| 100|0x0000000711200000, 0x0000000711400000, 0x0000000711400000|100%| E|CS|TAMS 0x0000000711200000| PB 0x0000000711200000| Complete |  0
| 101|0x0000000711400000, 0x0000000711600000, 0x0000000711600000|100%| E|CS|TAMS 0x0000000711400000| PB 0x0000000711400000| Complete |  0
| 102|0x0000000711600000, 0x0000000711800000, 0x0000000711800000|100%| E|CS|TAMS 0x0000000711600000| PB 0x0000000711600000| Complete |  0
| 103|0x0000000711800000, 0x0000000711a00000, 0x0000000711a00000|100%| E|CS|TAMS 0x0000000711800000| PB 0x0000000711800000| Complete |  0
| 104|0x0000000711a00000, 0x0000000711ad5a00, 0x0000000711c00000| 41%| S|CS|TAMS 0x0000000711a00000| PB 0x0000000711a00000| Complete |  0
| 105|0x0000000711c00000, 0x0000000711e00000, 0x0000000711e00000|100%| S|CS|TAMS 0x0000000711c00000| PB 0x0000000711c00000| Complete |  0
| 106|0x0000000711e00000, 0x0000000712000000, 0x0000000712000000|100%| E|CS|TAMS 0x0000000711e00000| PB 0x0000000711e00000| Complete |  0
| 107|0x0000000712000000, 0x0000000712200000, 0x0000000712200000|100%| E|CS|TAMS 0x0000000712000000| PB 0x0000000712000000| Complete |  0
| 108|0x0000000712200000, 0x0000000712400000, 0x0000000712400000|100%| E|CS|TAMS 0x0000000712200000| PB 0x0000000712200000| Complete |  0
| 109|0x0000000712400000, 0x0000000712600000, 0x0000000712600000|100%| E|CS|TAMS 0x0000000712400000| PB 0x0000000712400000| Complete |  0
| 110|0x0000000712600000, 0x0000000712800000, 0x0000000712800000|100%| E|CS|TAMS 0x0000000712600000| PB 0x0000000712600000| Complete |  0
| 111|0x0000000712800000, 0x0000000712a00000, 0x0000000712a00000|100%| E|CS|TAMS 0x0000000712800000| PB 0x0000000712800000| Complete |  0
| 112|0x0000000712a00000, 0x0000000712c00000, 0x0000000712c00000|100%| E|CS|TAMS 0x0000000712a00000| PB 0x0000000712a00000| Complete |  0
| 113|0x0000000712c00000, 0x0000000712e00000, 0x0000000712e00000|100%| E|CS|TAMS 0x0000000712c00000| PB 0x0000000712c00000| Complete |  0
| 114|0x0000000712e00000, 0x0000000713000000, 0x0000000713000000|100%| E|CS|TAMS 0x0000000712e00000| PB 0x0000000712e00000| Complete |  0
| 115|0x0000000713000000, 0x0000000713200000, 0x0000000713200000|100%| E|CS|TAMS 0x0000000713000000| PB 0x0000000713000000| Complete |  0
| 116|0x0000000713200000, 0x0000000713400000, 0x0000000713400000|100%| E|CS|TAMS 0x0000000713200000| PB 0x0000000713200000| Complete |  0
| 117|0x0000000713400000, 0x0000000713600000, 0x0000000713600000|100%| E|CS|TAMS 0x0000000713400000| PB 0x0000000713400000| Complete |  0
| 118|0x0000000713600000, 0x0000000713800000, 0x0000000713800000|100%| E|CS|TAMS 0x0000000713600000| PB 0x0000000713600000| Complete |  0
| 119|0x0000000713800000, 0x0000000713a00000, 0x0000000713a00000|100%| E|CS|TAMS 0x0000000713800000| PB 0x0000000713800000| Complete |  0
| 120|0x0000000713a00000, 0x0000000713c00000, 0x0000000713c00000|100%| E|CS|TAMS 0x0000000713a00000| PB 0x0000000713a00000| Complete |  0
| 121|0x0000000713c00000, 0x0000000713e00000, 0x0000000713e00000|100%| E|CS|TAMS 0x0000000713c00000| PB 0x0000000713c00000| Complete |  0
| 122|0x0000000713e00000, 0x0000000714000000, 0x0000000714000000|100%| E|CS|TAMS 0x0000000713e00000| PB 0x0000000713e00000| Complete |  0
| 123|0x0000000714000000, 0x0000000714200000, 0x0000000714200000|100%| E|CS|TAMS 0x0000000714000000| PB 0x0000000714000000| Complete |  0
| 124|0x0000000714200000, 0x0000000714400000, 0x0000000714400000|100%| E|CS|TAMS 0x0000000714200000| PB 0x0000000714200000| Complete |  0
| 125|0x0000000714400000, 0x0000000714600000, 0x0000000714600000|100%| E|CS|TAMS 0x0000000714400000| PB 0x0000000714400000| Complete |  0

Card table byte_map: [0x0000024ce0970000,0x0000024ce1150000] _byte_map_base: 0x0000024cdd14b000

Marking Bits: (CMBitMap*) 0x0000024cc8b7b110
 Bits: [0x0000024ce1150000, 0x0000024ce5028000)

Polling page: 0x0000024cc82e0000

Metaspace:

Usage:
  Non-class:     15.42 MB used.
      Class:      2.10 MB used.
       Both:     17.52 MB used.

Virtual space:
  Non-class space:       64.00 MB reserved,      15.56 MB ( 24%) committed,  1 nodes.
      Class space:        1.00 GB reserved,       2.19 MB ( <1%) committed,  1 nodes.
             Both:        1.06 GB reserved,      17.75 MB (  2%) committed. 

Chunk freelists:
   Non-Class:  15.84 MB
       Class:  13.63 MB
        Both:  29.47 MB

MaxMetaspaceSize: unlimited
CompressedClassSpaceSize: 1.00 GB
Initial GC threshold: 21.00 MB
Current GC threshold: 21.00 MB
CDS: on
 - commit_granule_bytes: 65536.
 - commit_granule_words: 8192.
 - virtual_space_node_default_size: 8388608.
 - enlarge_chunks_in_place: 1.
 - use_allocation_guard: 0.


Internal statistics:

num_allocs_failed_limit: 0.
num_arena_births: 166.
num_arena_deaths: 0.
num_vsnodes_births: 2.
num_vsnodes_deaths: 0.
num_space_committed: 284.
num_space_uncommitted: 0.
num_chunks_returned_to_freelist: 0.
num_chunks_taken_from_freelist: 684.
num_chunk_merges: 0.
num_chunk_splits: 481.
num_chunks_enlarged: 400.
num_inconsistent_stats: 0.

CodeHeap 'non-profiled nmethods': size=120000Kb used=1673Kb max_used=1673Kb free=118326Kb
 bounds [0x0000024cd8930000, 0x0000024cd8ba0000, 0x0000024cdfe60000]
CodeHeap 'profiled nmethods': size=120000Kb used=7122Kb max_used=7122Kb free=112878Kb
 bounds [0x0000024cd0e60000, 0x0000024cd1560000, 0x0000024cd8390000]
CodeHeap 'non-nmethods': size=5760Kb used=1586Kb max_used=1607Kb free=4173Kb
 bounds [0x0000024cd8390000, 0x0000024cd8600000, 0x0000024cd8930000]
 total_blobs=4119 nmethods=3600 adapters=423
 compilation: enabled
              stopped_count=0, restarted_count=0
 full_count=0

Compilation events (20 events):
Event: 1.840 Thread 0x0000024ce7a6b440 3515       3       sun.security.util.ObjectIdentifier::toString (285 bytes)
Event: 1.840 Thread 0x0000024ce7a69980 nmethod 3496 0x0000024cd8ac6790 code [0x0000024cd8ac6920, 0x0000024cd8ac6b30]
Event: 1.840 Thread 0x0000024ce7a69980 3514       4       sun.security.util.DerInputStream::getDerValue (76 bytes)
Event: 1.841 Thread 0x0000024ce7a6b440 nmethod 3515 0x0000024cd1529490 code [0x0000024cd1529840, 0x0000024cd152ac38]
Event: 1.841 Thread 0x0000024ce7a6b440 3516       3       sun.security.jca.ProviderList::getProvider (22 bytes)
Event: 1.841 Thread 0x0000024ce7a6b440 nmethod 3516 0x0000024cd152b490 code [0x0000024cd152b640, 0x0000024cd152b828]
Event: 1.841 Thread 0x0000024ce7a6b440 3517   !   3       sun.security.jca.ProviderConfig::getProvider (562 bytes)
Event: 1.841 Thread 0x0000024ce7a69980 nmethod 3514 0x0000024cd8ac6c90 code [0x0000024cd8ac6e20, 0x0000024cd8ac6fb8]
Event: 1.841 Thread 0x0000024ce7a69980 3520       4       jdk.internal.util.ArraysSupport::mismatch (73 bytes)
Event: 1.842 Thread 0x0000024ce7a6b440 nmethod 3517 0x0000024cd152b910 code [0x0000024cd152be80, 0x0000024cd152e6b0]
Event: 1.842 Thread 0x0000024ce7a6b440 3521       3       sun.security.x509.AVA::<init> (91 bytes)
Event: 1.842 Thread 0x0000024cc5a85270 nmethod 3489 0x0000024cd8ac7110 code [0x0000024cd8ac72e0, 0x0000024cd8ac7978]
Event: 1.842 Thread 0x0000024cc5a85270 3495       4       java.lang.Character::isSurrogate (18 bytes)
Event: 1.843 Thread 0x0000024ce7a6b440 nmethod 3521 0x0000024cd152f790 code [0x0000024cd152fa40, 0x0000024cd15304a0]
Event: 1.843 Thread 0x0000024ce7a6b440 3522       3       sun.security.util.DerValue::getOctetString (138 bytes)
Event: 1.843 Thread 0x0000024cc5a85270 nmethod 3495 0x0000024cd8ac7d10 code [0x0000024cd8ac7e80, 0x0000024cd8ac7f08]
Event: 1.843 Thread 0x0000024ce7a6b440 nmethod 3522 0x0000024cd1530910 code [0x0000024cd1530c40, 0x0000024cd1531d98]
Event: 1.843 Thread 0x0000024ce7a6b440 3519       3       sun.security.util.DerOutputStream::write (28 bytes)
Event: 1.843 Thread 0x0000024ce7a6b440 nmethod 3519 0x0000024cd1532310 code [0x0000024cd15324e0, 0x0000024cd1532970]
Event: 1.843 Thread 0x0000024ce7a6b440 3524       3       java.lang.reflect.AccessibleObject::slowVerifyAccess (67 bytes)

GC Heap History (4 events):
Event: 0.549 GC heap before
{Heap before GC invocations=0 (full 0):
 garbage-first heap   total reserved 4118528K, committed 258048K, used 24576K [0x0000000704a00000, 0x0000000800000000)
  region size 2048K, 12 young (24576K), 0 survivors (0K)
 Metaspace       used 5576K, committed 5760K, reserved 1114112K
  class space    used 669K, committed 768K, reserved 1048576K
}
Event: 0.553 GC heap after
{Heap after GC invocations=1 (full 0):
 garbage-first heap   total reserved 4118528K, committed 258048K, used 3889K [0x0000000704a00000, 0x0000000800000000)
  region size 2048K, 2 young (4096K), 2 survivors (4096K)
 Metaspace       used 5576K, committed 5760K, reserved 1114112K
  class space    used 669K, committed 768K, reserved 1048576K
}
Event: 1.086 GC heap before
{Heap before GC invocations=1 (full 0):
 garbage-first heap   total reserved 4118528K, committed 258048K, used 40753K [0x0000000704a00000, 0x0000000800000000)
  region size 2048K, 20 young (40960K), 2 survivors (4096K)
 Metaspace       used 11247K, committed 11456K, reserved 1114112K
  class space    used 1376K, committed 1472K, reserved 1048576K
}
Event: 1.090 GC heap after
{Heap after GC invocations=2 (full 0):
 garbage-first heap   total reserved 4118528K, committed 258048K, used 6478K [0x0000000704a00000, 0x0000000800000000)
  region size 2048K, 2 young (4096K), 2 survivors (4096K)
 Metaspace       used 11247K, committed 11456K, reserved 1114112K
  class space    used 1376K, committed 1472K, reserved 1048576K
}

Dll operation events (8 events):
Event: 0.006 Loaded shared library C:\Program Files\Java\jdk-22\bin\java.dll
Event: 0.035 Loaded shared library C:\Program Files\Java\jdk-22\bin\jsvml.dll
Event: 0.049 Loaded shared library C:\Program Files\Java\jdk-22\bin\net.dll
Event: 0.050 Loaded shared library C:\Program Files\Java\jdk-22\bin\nio.dll
Event: 0.053 Loaded shared library C:\Program Files\Java\jdk-22\bin\zip.dll
Event: 0.137 Loaded shared library D:\SOFT\apache-maven-3.9.8-bin\apache-maven-3.9.8\lib\jansi-native\Windows\x86_64\jansi.dll
Event: 0.137 Loaded shared library C:\Program Files\Java\jdk-22\bin\jimage.dll
Event: 0.146 Loaded shared library C:\Program Files\Java\jdk-22\bin\verify.dll

Deoptimization events (20 events):
Event: 1.783 Thread 0x0000024ce8ae1b80 Uncommon trap: trap_request=0xffffffc6 fr.pc=0x0000024cd8a45a08 relative=0x0000000000003228
Event: 1.783 Thread 0x0000024ce8ae1b80 Uncommon trap: reason=bimorphic_or_optimized_type_check action=maybe_recompile pc=0x0000024cd8a45a08 method=java.net.URL.<init>(Ljava/net/URL;Ljava/lang/String;Ljava/net/URLStreamHandler;)V @ 504 c2
Event: 1.783 Thread 0x0000024ce8ae1b80 DEOPT PACKING pc=0x0000024cd8a45a08 sp=0x0000008fa76fada0
Event: 1.783 Thread 0x0000024ce8ae1b80 DEOPT UNPACKING pc=0x0000024cd83e7da2 sp=0x0000008fa76fad20 mode 2
Event: 1.817 Thread 0x0000024ce8ae1b80 Uncommon trap: trap_request=0xffffff45 fr.pc=0x0000024cd893ee30 relative=0x0000000000000190
Event: 1.817 Thread 0x0000024ce8ae1b80 Uncommon trap: reason=unstable_if action=reinterpret pc=0x0000024cd893ee30 method=jdk.internal.util.ArraysSupport.vectorizedHashCode(Ljava/lang/Object;IIII)I @ 2 c2
Event: 1.817 Thread 0x0000024ce8ae1b80 DEOPT PACKING pc=0x0000024cd893ee30 sp=0x0000008fa76fbbf0
Event: 1.817 Thread 0x0000024ce8ae1b80 DEOPT UNPACKING pc=0x0000024cd83e7da2 sp=0x0000008fa76fbba0 mode 2
Event: 1.821 Thread 0x0000024ce8ae1b80 Uncommon trap: trap_request=0xffffff45 fr.pc=0x0000024cd89a82c8 relative=0x0000000000000368
Event: 1.821 Thread 0x0000024ce8ae1b80 Uncommon trap: reason=unstable_if action=reinterpret pc=0x0000024cd89a82c8 method=java.nio.charset.CharsetDecoder.decode(Ljava/nio/ByteBuffer;Ljava/nio/CharBuffer;Z)Ljava/nio/charset/CoderResult; @ 1 c2
Event: 1.821 Thread 0x0000024ce8ae1b80 DEOPT PACKING pc=0x0000024cd89a82c8 sp=0x0000008fa76fca00
Event: 1.821 Thread 0x0000024ce8ae1b80 DEOPT UNPACKING pc=0x0000024cd83e7da2 sp=0x0000008fa76fc9a8 mode 2
Event: 1.834 Thread 0x0000024ce8ae1b80 DEOPT PACKING pc=0x0000024cd1513a8b sp=0x0000008fa76fc980
Event: 1.834 Thread 0x0000024ce8ae1b80 DEOPT UNPACKING pc=0x0000024cd83e88e2 sp=0x0000008fa76fbdf8 mode 0
Event: 1.836 Thread 0x0000024ce8ae1b80 DEOPT PACKING pc=0x0000024cd1513a8b sp=0x0000008fa76fc900
Event: 1.836 Thread 0x0000024ce8ae1b80 DEOPT UNPACKING pc=0x0000024cd83e88e2 sp=0x0000008fa76fbd78 mode 0
Event: 1.837 Thread 0x0000024ce8ae1b80 DEOPT PACKING pc=0x0000024cd1513a8b sp=0x0000008fa76fc980
Event: 1.837 Thread 0x0000024ce8ae1b80 DEOPT UNPACKING pc=0x0000024cd83e88e2 sp=0x0000008fa76fbdf8 mode 0
Event: 1.838 Thread 0x0000024ce8ae1b80 DEOPT PACKING pc=0x0000024cd1513a8b sp=0x0000008fa76fc9b0
Event: 1.838 Thread 0x0000024ce8ae1b80 DEOPT UNPACKING pc=0x0000024cd83e88e2 sp=0x0000008fa76fbe28 mode 0

Classes loaded (20 events):
Event: 1.827 Loading class sun/security/x509/DNSName
Event: 1.827 Loading class sun/security/x509/DNSName done
Event: 1.827 Loading class sun/security/x509/NetscapeCertTypeExtension
Event: 1.827 Loading class sun/security/x509/NetscapeCertTypeExtension done
Event: 1.827 Loading class sun/security/x509/NetscapeCertTypeExtension$MapEntry
Event: 1.827 Loading class sun/security/x509/NetscapeCertTypeExtension$MapEntry done
Event: 1.827 Loading class sun/security/x509/SubjectAlternativeNameExtension
Event: 1.827 Loading class sun/security/x509/SubjectAlternativeNameExtension done
Event: 1.827 Loading class sun/security/x509/RFC822Name
Event: 1.827 Loading class sun/security/x509/RFC822Name done
Event: 1.827 Loading class sun/security/x509/IssuerAlternativeNameExtension
Event: 1.827 Loading class sun/security/x509/IssuerAlternativeNameExtension done
Event: 1.835 Loading class sun/security/x509/PrivateKeyUsageExtension
Event: 1.835 Loading class sun/security/x509/PrivateKeyUsageExtension done
Event: 1.835 Loading class java/security/cert/CertificateException
Event: 1.836 Loading class java/security/cert/CertificateException done
Event: 1.843 Loading class sun/security/x509/AuthorityInfoAccessExtension
Event: 1.843 Loading class sun/security/x509/AuthorityInfoAccessExtension done
Event: 1.843 Loading class sun/security/x509/AccessDescription
Event: 1.843 Loading class sun/security/x509/AccessDescription done

Classes unloaded (0 events):
No events

Classes redefined (0 events):
No events

Internal exceptions (20 events):
Event: 0.996 Thread 0x0000024cc8b19390 Exception <a 'java/lang/NoSuchMethodError'{0x00000007123dac28}: 'void java.lang.invoke.DirectMethodHandle$Holder.invokeStaticInit(java.lang.Object, java.lang.Object, java.lang.Object)'> (0x00000007123dac28) 
thrown [s\open\src\hotspot\share\interpreter\linkResolver.cpp, line 774]
Event: 1.000 Thread 0x0000024cc8b19390 Exception <a 'java/lang/ExceptionInInitializerError'{0x0000000712004040}> (0x0000000712004040) 
thrown [s\open\src\hotspot\share\oops\instanceKlass.cpp, line 1247]
Event: 1.023 Thread 0x0000024cc8b19390 Exception <a 'java/lang/NoSuchMethodError'{0x0000000712113740}: 'long java.lang.invoke.DirectMethodHandle$Holder.invokeStatic(java.lang.Object, java.lang.Object, int)'> (0x0000000712113740) 
thrown [s\open\src\hotspot\share\interpreter\linkResolver.cpp, line 774]
Event: 1.024 Thread 0x0000024cc8b19390 Exception <a 'java/lang/NoSuchMethodError'{0x0000000712126c58}: 'java.lang.Object java.lang.invoke.DirectMethodHandle$Holder.invokeStatic(java.lang.Object, java.lang.Object, java.lang.Object, java.lang.Object, int)'> (0x0000000712126c58) 
thrown [s\open\src\hotspot\share\interpreter\linkResolver.cpp, line 774]
Event: 1.025 Thread 0x0000024cc8b19390 Exception <a 'java/lang/NoSuchMethodError'{0x000000071212f070}: 'java.lang.Object java.lang.invoke.DirectMethodHandle$Holder.invokeSpecial(java.lang.Object, java.lang.Object, java.lang.Object, java.lang.Object, long)'> (0x000000071212f070) 
thrown [s\open\src\hotspot\share\interpreter\linkResolver.cpp, line 774]
Event: 1.026 Thread 0x0000024cc8b19390 Exception <a 'java/lang/NoSuchMethodError'{0x000000071213ae40}: 'java.lang.Object java.lang.invoke.DirectMethodHandle$Holder.invokeSpecial(java.lang.Object, java.lang.Object, java.lang.Object, int, java.lang.Object)'> (0x000000071213ae40) 
thrown [s\open\src\hotspot\share\interpreter\linkResolver.cpp, line 774]
Event: 1.026 Thread 0x0000024cc8b19390 Exception <a 'java/lang/NoSuchMethodError'{0x0000000712143170}: 'int java.lang.invoke.DirectMethodHandle$Holder.invokeSpecial(java.lang.Object, java.lang.Object, java.lang.Object, int)'> (0x0000000712143170) 
thrown [s\open\src\hotspot\share\interpreter\linkResolver.cpp, line 774]
Event: 1.029 Thread 0x0000024cc8b19390 Implicit null exception at 0x0000024cd89da5ba to 0x0000024cd89da7b4
Event: 1.031 Thread 0x0000024cc8b19390 Exception <a 'java/lang/NoSuchMethodError'{0x0000000712167d88}: 'java.lang.Object java.lang.invoke.Invokers$Holder.invokeExact_MT(java.lang.Object, int, java.lang.Object)'> (0x0000000712167d88) 
thrown [s\open\src\hotspot\share\interpreter\linkResolver.cpp, line 774]
Event: 1.181 Thread 0x0000024cc8b19390 Exception <a 'java/lang/NoSuchMethodError'{0x00000007141da398}: 'void java.lang.invoke.Invokers$Holder.invokeExact_MT(java.lang.Object, java.lang.Object, java.lang.Object, java.lang.Object)'> (0x00000007141da398) 
thrown [s\open\src\hotspot\share\interpreter\linkResolver.cpp, line 774]
Event: 1.193 Thread 0x0000024cc8b19390 Exception <a 'java/lang/NoClassDefFoundError'{0x0000000713e653b8}: com/google/inject/servlet/ServletModuleTargetVisitor> (0x0000000713e653b8) 
thrown [s\open\src\hotspot\share\classfile\systemDictionary.cpp, line 302]
Event: 1.237 Thread 0x0000024cc8b19390 Exception <a 'java/lang/NoSuchMethodError'{0x0000000713c29728}: 'void java.lang.invoke.DirectMethodHandle$Holder.invokeVirtual(java.lang.Object, java.lang.Object)'> (0x0000000713c29728) 
thrown [s\open\src\hotspot\share\interpreter\linkResolver.cpp, line 774]
Event: 1.264 Thread 0x0000024cc8b19390 Exception <a 'java/lang/NoSuchMethodError'{0x0000000713ca9190}: 'java.lang.Object java.lang.invoke.DirectMethodHandle$Holder.invokeStaticInit(java.lang.Object, int, int, int, int)'> (0x0000000713ca9190) 
thrown [s\open\src\hotspot\share\interpreter\linkResolver.cpp, line 774]
Event: 1.355 Thread 0x0000024cc8b19390 Exception <a 'java/lang/NoSuchMethodError'{0x00000007138a1b88}: 'void java.lang.invoke.DirectMethodHandle$Holder.invokeSpecial(java.lang.Object, java.lang.Object, java.lang.Object, java.lang.Object, java.lang.Object)'> (0x00000007138a1b88) 
thrown [s\open\src\hotspot\share\interpreter\linkResolver.cpp, line 774]
Event: 1.357 Thread 0x0000024cc8b19390 Exception <a 'java/lang/NoSuchMethodError'{0x00000007138bc168}: 'java.lang.Object java.lang.invoke.DirectMethodHandle$Holder.invokeVirtual(java.lang.Object, java.lang.Object, java.lang.Object)'> (0x00000007138bc168) 
thrown [s\open\src\hotspot\share\interpreter\linkResolver.cpp, line 774]
Event: 1.358 Thread 0x0000024cc8b19390 Exception <a 'java/lang/NoSuchMethodError'{0x00000007138cd8d0}: 'void java.lang.invoke.DirectMethodHandle$Holder.invokeSpecial(java.lang.Object, java.lang.Object, java.lang.Object, java.lang.Object, java.lang.Object, java.lang.Object)'> (0x00000007138cd8d0) 
thrown [s\open\src\hotspot\share\interpreter\linkResolver.cpp, line 774]
Event: 1.387 Thread 0x0000024cc8b19390 Exception <a 'java/lang/NoSuchMethodError'{0x00000007136501f8}: 'void java.lang.invoke.DirectMethodHandle$Holder.invokeVirtual(java.lang.Object, java.lang.Object, int)'> (0x00000007136501f8) 
thrown [s\open\src\hotspot\share\interpreter\linkResolver.cpp, line 774]
Event: 1.388 Thread 0x0000024cc8b19390 Exception <a 'java/lang/NoSuchMethodError'{0x00000007136573b0}: 'void java.lang.invoke.DelegatingMethodHandle$Holder.reinvoke_L(java.lang.Object, java.lang.Object, int)'> (0x00000007136573b0) 
thrown [s\open\src\hotspot\share\interpreter\linkResolver.cpp, line 774]
Event: 1.730 Thread 0x0000024cc8b19390 Exception <a 'java/lang/NoSuchMethodError'{0x0000000711817050}: 'void java.lang.invoke.DirectMethodHandle$Holder.invokeInterface(java.lang.Object, java.lang.Object)'> (0x0000000711817050) 
thrown [s\open\src\hotspot\share\interpreter\linkResolver.cpp, line 774]
Event: 1.778 Thread 0x0000024ce8ae1b80 Exception <a 'sun/nio/fs/WindowsException'{0x0000000711723c68}> (0x0000000711723c68) 
thrown [s\open\src\hotspot\share\prims\jni.cpp, line 520]

ZGC Phase Switch (0 events):
No events

VM Operations (20 events):
Event: 1.299 Executing VM operation: HandshakeAllThreads (Deoptimize)
Event: 1.299 Executing VM operation: HandshakeAllThreads (Deoptimize) done
Event: 1.325 Executing VM operation: ICBufferFull
Event: 1.325 Executing VM operation: ICBufferFull done
Event: 1.334 Executing VM operation: HandshakeAllThreads (Deoptimize)
Event: 1.334 Executing VM operation: HandshakeAllThreads (Deoptimize) done
Event: 1.632 Executing VM operation: ICBufferFull
Event: 1.632 Executing VM operation: ICBufferFull done
Event: 1.744 Executing VM operation: HandshakeAllThreads (Deoptimize)
Event: 1.744 Executing VM operation: HandshakeAllThreads (Deoptimize) done
Event: 1.758 Executing VM operation: HandshakeAllThreads (Deoptimize)
Event: 1.758 Executing VM operation: HandshakeAllThreads (Deoptimize) done
Event: 1.760 Executing VM operation: HandshakeAllThreads (Deoptimize)
Event: 1.760 Executing VM operation: HandshakeAllThreads (Deoptimize) done
Event: 1.780 Executing VM operation: HandshakeAllThreads (Deoptimize)
Event: 1.780 Executing VM operation: HandshakeAllThreads (Deoptimize) done
Event: 1.810 Executing VM operation: HandshakeAllThreads (Deoptimize)
Event: 1.810 Executing VM operation: HandshakeAllThreads (Deoptimize) done
Event: 1.821 Executing VM operation: HandshakeAllThreads (Deoptimize)
Event: 1.821 Executing VM operation: HandshakeAllThreads (Deoptimize) done

Events (17 events):
Event: 0.020 Thread 0x0000024cc8b19390 Thread added: 0x0000024cc8b19390
Event: 0.032 Thread 0x0000024ce7a5b9a0 Thread added: 0x0000024ce7a5b9a0
Event: 0.032 Thread 0x0000024ce7a609c0 Thread added: 0x0000024ce7a609c0
Event: 0.032 Thread 0x0000024ce7a65ef0 Thread added: 0x0000024ce7a65ef0
Event: 0.032 Thread 0x0000024ce7a66cc0 Thread added: 0x0000024ce7a66cc0
Event: 0.032 Thread 0x0000024ce7a67810 Thread added: 0x0000024ce7a67810
Event: 0.032 Thread 0x0000024ce7a68360 Thread added: 0x0000024ce7a68360
Event: 0.032 Thread 0x0000024ce7a69980 Thread added: 0x0000024ce7a69980
Event: 0.032 Thread 0x0000024ce7a6b440 Thread added: 0x0000024ce7a6b440
Event: 0.044 Thread 0x0000024cc5272370 Thread added: 0x0000024cc5272370
Event: 0.046 Thread 0x0000024cc527b630 Thread added: 0x0000024cc527b630
Event: 0.110 Thread 0x0000024cc5373780 Thread added: 0x0000024cc5373780
Event: 0.135 Thread 0x0000024cc53b47e0 Thread added: 0x0000024cc53b47e0
Event: 0.144 Thread 0x0000024cc53b47e0 Thread exited: 0x0000024cc53b47e0
Event: 0.508 Thread 0x0000024cc5a85270 Thread added: 0x0000024cc5a85270
Event: 1.733 Thread 0x0000024ce8ae1b80 Thread added: 0x0000024ce8ae1b80
Event: 1.733 Thread 0x0000024ce8bdc060 Thread added: 0x0000024ce8bdc060


Dynamic libraries:
0x00007ff7785b0000 - 0x00007ff7785c0000 	C:\Program Files\Java\jdk-22\bin\java.exe
0x00007ffea63d0000 - 0x00007ffea65c8000 	C:\Windows\SYSTEM32\ntdll.dll
0x00007ffea56a0000 - 0x00007ffea5761000 	C:\Windows\System32\KERNEL32.DLL
0x00007ffea3b20000 - 0x00007ffea3e1d000 	C:\Windows\System32\KERNELBASE.dll
0x00007ffea4300000 - 0x00007ffea4400000 	C:\Windows\System32\ucrtbase.dll
0x00007ffe820a0000 - 0x00007ffe820b7000 	C:\Program Files\Java\jdk-22\bin\jli.dll
0x00007ffe82e90000 - 0x00007ffe82eab000 	C:\Program Files\Java\jdk-22\bin\VCRUNTIME140.dll
0x00007ffea4f20000 - 0x00007ffea4fd0000 	C:\Windows\System32\ADVAPI32.dll
0x00007ffea5b80000 - 0x00007ffea5c1e000 	C:\Windows\System32\msvcrt.dll
0x00007ffea5210000 - 0x00007ffea52b0000 	C:\Windows\System32\sechost.dll
0x00007ffea50e0000 - 0x00007ffea5203000 	C:\Windows\System32\RPCRT4.dll
0x00007ffea3e20000 - 0x00007ffea3e47000 	C:\Windows\System32\bcrypt.dll
0x00007ffea59e0000 - 0x00007ffea5b7d000 	C:\Windows\System32\USER32.dll
0x00007ffea4160000 - 0x00007ffea4182000 	C:\Windows\System32\win32u.dll
0x00007ffea5770000 - 0x00007ffea579b000 	C:\Windows\System32\GDI32.dll
0x00007ffe8cbb0000 - 0x00007ffe8ce4a000 	C:\Windows\WinSxS\amd64_microsoft.windows.common-controls_6595b64144ccf1df_6.0.19041.4355_none_60b8b9eb71f62e16\COMCTL32.dll
0x00007ffea4040000 - 0x00007ffea4157000 	C:\Windows\System32\gdi32full.dll
0x00007ffea3a80000 - 0x00007ffea3b1d000 	C:\Windows\System32\msvcp_win.dll
0x00007ffe9c0d0000 - 0x00007ffe9c0da000 	C:\Windows\SYSTEM32\VERSION.dll
0x00007ffea4fd0000 - 0x00007ffea4fff000 	C:\Windows\System32\IMM32.DLL
0x00007ffe8b970000 - 0x00007ffe8b97c000 	C:\Program Files\Java\jdk-22\bin\vcruntime140_1.dll
0x00007ffe68530000 - 0x00007ffe685be000 	C:\Program Files\Java\jdk-22\bin\msvcp140.dll
0x00007ffe41490000 - 0x00007ffe421d7000 	C:\Program Files\Java\jdk-22\bin\server\jvm.dll
0x00007ffea4b10000 - 0x00007ffea4b7b000 	C:\Windows\System32\WS2_32.dll
0x00007ffea2fc0000 - 0x00007ffea300b000 	C:\Windows\SYSTEM32\POWRPROF.dll
0x00007ffe93b70000 - 0x00007ffe93b97000 	C:\Windows\SYSTEM32\WINMM.dll
0x00007ffea2e80000 - 0x00007ffea2e92000 	C:\Windows\SYSTEM32\UMPDC.dll
0x00007ffea22f0000 - 0x00007ffea2302000 	C:\Windows\SYSTEM32\kernel.appcore.dll
0x00007ffe8b770000 - 0x00007ffe8b77a000 	C:\Program Files\Java\jdk-22\bin\jimage.dll
0x00007ffea1820000 - 0x00007ffea1a04000 	C:\Windows\SYSTEM32\DBGHELP.DLL
0x00007ffe75440000 - 0x00007ffe75474000 	C:\Windows\SYSTEM32\dbgcore.DLL
0x00007ffea3e50000 - 0x00007ffea3ed2000 	C:\Windows\System32\bcryptPrimitives.dll
0x00007ffe81b00000 - 0x00007ffe81b1e000 	C:\Program Files\Java\jdk-22\bin\java.dll
0x00007ffea5c20000 - 0x00007ffea638f000 	C:\Windows\System32\SHELL32.dll
0x00007ffea4ce0000 - 0x00007ffea4e0b000 	C:\Windows\System32\ole32.dll
0x00007ffea52c0000 - 0x00007ffea5613000 	C:\Windows\System32\combase.dll
0x00007ffea1a10000 - 0x00007ffea21b2000 	C:\Windows\SYSTEM32\windows.storage.dll
0x00007ffea34b0000 - 0x00007ffea34de000 	C:\Windows\SYSTEM32\Wldp.dll
0x00007ffea4b80000 - 0x00007ffea4c4d000 	C:\Windows\System32\OLEAUT32.dll
0x00007ffea4a00000 - 0x00007ffea4aad000 	C:\Windows\System32\SHCORE.dll
0x00007ffea4400000 - 0x00007ffea4455000 	C:\Windows\System32\shlwapi.dll
0x00007ffea39b0000 - 0x00007ffea39d4000 	C:\Windows\SYSTEM32\profapi.dll
0x00007ffe5e920000 - 0x00007ffe5e9f7000 	C:\Program Files\Java\jdk-22\bin\jsvml.dll
0x00007ffe8a390000 - 0x00007ffe8a3a0000 	C:\Program Files\Java\jdk-22\bin\net.dll
0x00007ffea3210000 - 0x00007ffea327a000 	C:\Windows\system32\mswsock.dll
0x00007ffe7ecc0000 - 0x00007ffe7ecd6000 	C:\Program Files\Java\jdk-22\bin\nio.dll
0x00007ffe77450000 - 0x00007ffe77467000 	C:\Program Files\Java\jdk-22\bin\zip.dll
0x00007ffe8c460000 - 0x00007ffe8c484000 	D:\SOFT\apache-maven-3.9.8-bin\apache-maven-3.9.8\lib\jansi-native\Windows\x86_64\jansi.dll
0x00007ffe9c3e0000 - 0x00007ffe9c3f0000 	C:\Program Files\Java\jdk-22\bin\verify.dll
0x00007ffea3400000 - 0x00007ffea3418000 	C:\Windows\SYSTEM32\CRYPTSP.dll
0x00007ffea2ac0000 - 0x00007ffea2af4000 	C:\Windows\system32\rsaenh.dll
0x00007ffea3930000 - 0x00007ffea395e000 	C:\Windows\SYSTEM32\USERENV.dll
0x00007ffea3420000 - 0x00007ffea342c000 	C:\Windows\SYSTEM32\CRYPTBASE.dll
0x00007ffea2ea0000 - 0x00007ffea2edb000 	C:\Windows\SYSTEM32\IPHLPAPI.DLL
0x00007ffea52b0000 - 0x00007ffea52b8000 	C:\Windows\System32\NSI.dll

dbghelp: loaded successfully - version: 4.0.5 - missing functions: none
symbol engine: initialized successfully - sym options: 0x614 - pdb path: .;C:\Program Files\Java\jdk-22\bin;C:\Windows\SYSTEM32;C:\Windows\WinSxS\amd64_microsoft.windows.common-controls_6595b64144ccf1df_6.0.19041.4355_none_60b8b9eb71f62e16;C:\Program Files\Java\jdk-22\bin\server;D:\SOFT\apache-maven-3.9.8-bin\apache-maven-3.9.8\lib\jansi-native\Windows\x86_64

VM Arguments:
jvm_args: -Dclassworlds.conf=D:\SOFT\apache-maven-3.9.8-bin\apache-maven-3.9.8\bin\m2.conf -Dmaven.home=D:\SOFT\apache-maven-3.9.8-bin\apache-maven-3.9.8 -Dlibrary.jansi.path=D:\SOFT\apache-maven-3.9.8-bin\apache-maven-3.9.8\lib\jansi-native -Dmaven.multiModuleProjectDirectory=d:\avbc\Documents\TelRun\util\leaner-recoursion 
java_command: org.codehaus.plexus.classworlds.launcher.Launcher -q help:effective-pom -Doutput=d:\avbc\Documents\TelRun\util\leaner-recoursion\linear-recursion\effective-pom.xml -f d:/avbc/Documents/TelRun/util/leaner-recoursion/linear-recursion/pom.xml
java_class_path (initial): D:\SOFT\apache-maven-3.9.8-bin\apache-maven-3.9.8\boot\plexus-classworlds-2.8.0.jar
Launcher Type: SUN_STANDARD

[Global flags]
     intx CICompilerCount                          = 4                                         {product} {ergonomic}
     uint ConcGCThreads                            = 2                                         {product} {ergonomic}
     uint G1ConcRefinementThreads                  = 8                                         {product} {ergonomic}
   size_t G1HeapRegionSize                         = 2097152                                   {product} {ergonomic}
   size_t InitialHeapSize                          = 264241152                                 {product} {ergonomic}
   size_t MarkStackSize                            = 4194304                                   {product} {ergonomic}
   size_t MaxHeapSize                              = 4217372672                                {product} {ergonomic}
   size_t MaxNewSize                               = 2529165312                                {product} {ergonomic}
   size_t MinHeapDeltaBytes                        = 2097152                                   {product} {ergonomic}
   size_t MinHeapSize                              = 8388608                                   {product} {ergonomic}
    uintx NonNMethodCodeHeapSize                   = 5839372                                {pd product} {ergonomic}
    uintx NonProfiledCodeHeapSize                  = 122909434                              {pd product} {ergonomic}
    uintx ProfiledCodeHeapSize                     = 122909434                              {pd product} {ergonomic}
    uintx ReservedCodeCacheSize                    = 251658240                              {pd product} {ergonomic}
     bool SegmentedCodeCache                       = true                                      {product} {ergonomic}
   size_t SoftMaxHeapSize                          = 4217372672                             {manageable} {ergonomic}
     bool UseCompressedOops                        = true                           {product lp64_product} {ergonomic}
     bool UseG1GC                                  = true                                      {product} {ergonomic}
     bool UseLargePagesIndividualAllocation        = false                                  {pd product} {ergonomic}

Logging:
Log output configuration:
 #0: stdout all=warning uptime,level,tags foldmultilines=false
 #1: stderr all=off uptime,level,tags foldmultilines=false

Environment Variables:
PATH=C:\Program Files\Common Files\Oracle\Java\javapath;C:\Windows\system32;C:\Windows;C:\Windows\System32\Wbem;C:\Windows\System32\WindowsPowerShell\v1.0\;C:\Windows\System32\OpenSSH\;C:\Program Files\WIDCOMM\Bluetooth Software\;C:\Program Files\WIDCOMM\Bluetooth Software\syswow64;C:\Program Files\WireGuard\;%JAVA_HOME%\bin;D:\SOFT\apache-maven-3.9.8-bin\apache-maven-3.9.8\bin;C:\Program Files\Git\bin;C:\Program Files\Microsoft VS Code\bin;C:\Users\1\AppData\Local\Microsoft\WindowsApps
USERNAME=1
OS=Windows_NT
PROCESSOR_IDENTIFIER=Intel64 Family 6 Model 140 Stepping 1, GenuineIntel
TMP=D:\avbc\TMP
TEMP=D:\avbc\TMP




Periodic native trim disabled

---------------  S Y S T E M  ---------------

OS:
 Windows 10 , 64 bit Build 19041 (10.0.19041.4842)
OS uptime: 9 days 23:36 hours

CPU: total 8 (initial active 8) (4 cores per cpu, 2 threads per core) family 6 model 140 stepping 1 microcode 0xae, cx8, cmov, fxsr, ht, mmx, 3dnowpref, sse, sse2, sse3, ssse3, sse4.1, sse4.2, popcnt, lzcnt, tsc, tscinvbit, avx, avx2, aes, erms, clmul, bmi1, bmi2, adx, avx512f, avx512dq, avx512cd, avx512bw, avx512vl, sha, fma, vzeroupper, avx512_vpopcntdq, avx512_vpclmulqdq, avx512_vaes, avx512_vnni, clflush, clflushopt, clwb, avx512_vbmi2, avx512_vbmi, rdtscp, rdpid, fsrm, gfni, avx512_bitalg, f16c, pku, cet_ibt, cet_ss, avx512_ifma
Processor Information for all 8 processors :
  Max Mhz: 2419, Current Mhz: 2419, Mhz Limit: 2419

Memory: 4k page, system-wide physical 16080M (2214M free)
TotalPageFile size 16080M (AvailPageFile size 5M)
current process WorkingSet (physical memory assigned to process): 153M, peak: 153M
current process commit charge ("private bytes"): 391M, peak: 392M

vm_info: Java HotSpot(TM) 64-Bit Server VM (22.0.1+8-16) for windows-amd64 JRE (22.0.1+8-16), built on 2024-03-12T10:33:16Z by "mach5one" with MS VC++ 17.6 (VS2022)

END.
