#
# There is insufficient memory for the Java Runtime Environment to continue.
# Native memory allocation (malloc) failed to allocate 253280 bytes. Error detail: Chunk::new
# Possible reasons:
#   The system is out of physical RAM or swap space
#   This process is running with CompressedOops enabled, and the Java Heap may be blocking the growth of the native heap
# Possible solutions:
#   Reduce memory load on the system
#   Increase physical memory or swap space
#   Check if swap backing store is full
#   Decrease Java heap size (-Xmx/-Xms)
#   Decrease number of Java threads
#   Decrease Java thread stack sizes (-Xss)
#   Set larger code cache with -XX:ReservedCodeCacheSize=
#   JVM is running with Zero Based Compressed Oops mode in which the Java heap is
#     placed in the first 32GB address space. The Java Heap base address is the
#     maximum limit for the native heap growth. Please use -XX:HeapBaseMinAddress
#     to set the Java Heap base and to place the Java Heap above 32GB virtual address.
# This output file may be truncated or incomplete.
#
#  Out of Memory Error (arena.cpp:150), pid=355736, tid=355952
#
# JRE version: Java(TM) SE Runtime Environment (22.0.1+8) (build 22.0.1+8-16)
# Java VM: Java HotSpot(TM) 64-Bit Server VM (22.0.1+8-16, mixed mode, sharing, tiered, compressed oops, compressed class ptrs, g1 gc, windows-amd64)
# No core dump will be written. Minidumps are not enabled by default on client versions of Windows
#

---------------  S U M M A R Y ------------

Command Line: -Dclassworlds.conf=D:\SOFT\apache-maven-3.9.8-bin\apache-maven-3.9.8\bin\m2.conf -Dmaven.home=D:\SOFT\apache-maven-3.9.8-bin\apache-maven-3.9.8 -Dlibrary.jansi.path=D:\SOFT\apache-maven-3.9.8-bin\apache-maven-3.9.8\lib\jansi-native -Dmaven.multiModuleProjectDirectory=d:\avbc\Documents\TelRun\util\leaner-recoursion org.codehaus.plexus.classworlds.launcher.Launcher -q help:effective-pom -Doutput=d:\avbc\Documents\TelRun\util\leaner-recoursion\linear-recursion\effective-pom.xml -f d:/avbc/Documents/TelRun/util/leaner-recoursion/linear-recursion/pom.xml

Host: 11th Gen Intel(R) Core(TM) i5-1135G7 @ 2.40GHz, 8 cores, 15G,  Windows 10 , 64 bit Build 19041 (10.0.19041.4842)
Time: Wed Sep 11 22:00:55 2024 RTZ 2 (s 10 , 64 bit Build 19041 (10.0.19041.4842) elapsed time: 1.276684 seconds (0d 0h 0m 1s)

---------------  T H R E A D  ---------------

Current thread (0x000002a7f343a1e0):  JavaThread "C2 CompilerThread1" daemon [_thread_in_native, id=355952, stack(0x000000b3b0600000,0x000000b3b0700000) (1024K)]


Current CompileTask:
C2:1276 2636       4       com.google.inject.internal.MoreTypes::canonicalize (143 bytes)

Stack: [0x000000b3b0600000,0x000000b3b0700000]
Native frames: (J=compiled Java code, j=interpreted, Vv=VM code, C=native code)
V  [jvm.dll+0x6e2279]  (no source info available)
V  [jvm.dll+0x874e33]  (no source info available)
V  [jvm.dll+0x87725e]  (no source info available)
V  [jvm.dll+0x877933]  (no source info available)
V  [jvm.dll+0x27fd76]  (no source info available)
V  [jvm.dll+0xc3d0f]  (no source info available)
V  [jvm.dll+0xc3f6b]  (no source info available)
V  [jvm.dll+0x3bb10c]  (no source info available)
V  [jvm.dll+0x387b6b]  (no source info available)
V  [jvm.dll+0x386fda]  (no source info available)
V  [jvm.dll+0x247918]  (no source info available)
V  [jvm.dll+0x246fbf]  (no source info available)
V  [jvm.dll+0x1c4e90]  (no source info available)
V  [jvm.dll+0x2569fe]  (no source info available)
V  [jvm.dll+0x254cba]  (no source info available)
V  [jvm.dll+0x3f5336]  (no source info available)
V  [jvm.dll+0x81d44b]  (no source info available)
V  [jvm.dll+0x6e0915]  (no source info available)
C  [ucrtbase.dll+0x21bb2]  (no source info available)
C  [KERNEL32.DLL+0x17374]  (no source info available)
C  [ntdll.dll+0x4cc91]  (no source info available)


---------------  P R O C E S S  ---------------

Threads class SMR info:
_java_thread_list=0x000002a7f3fd37b0, length=13, elements={
0x000002a78ef33120, 0x000002a7adf0ccf0, 0x000002a7adf0dc10, 0x000002a7adf14440,
0x000002a7adf14ea0, 0x000002a7adf1db90, 0x000002a7adf1e5f0, 0x000002a7adf22880,
0x000002a7adf29360, 0x000002a7f326c420, 0x000002a7f327ab10, 0x000002a7f343a1e0,
0x000002a7f3f03550
}

Java Threads: ( => current thread )
  0x000002a78ef33120 JavaThread "main"                              [_thread_in_vm, id=14904, stack(0x000000b3af400000,0x000000b3af500000) (1024K)]
  0x000002a7adf0ccf0 JavaThread "Reference Handler"          daemon [_thread_blocked, id=353092, stack(0x000000b3afc00000,0x000000b3afd00000) (1024K)]
  0x000002a7adf0dc10 JavaThread "Finalizer"                  daemon [_thread_blocked, id=356568, stack(0x000000b3afd00000,0x000000b3afe00000) (1024K)]
  0x000002a7adf14440 JavaThread "Signal Dispatcher"          daemon [_thread_blocked, id=355616, stack(0x000000b3afe00000,0x000000b3aff00000) (1024K)]
  0x000002a7adf14ea0 JavaThread "Attach Listener"            daemon [_thread_blocked, id=349948, stack(0x000000b3aff00000,0x000000b3b0000000) (1024K)]
  0x000002a7adf1db90 JavaThread "Service Thread"             daemon [_thread_blocked, id=349920, stack(0x000000b3b0000000,0x000000b3b0100000) (1024K)]
  0x000002a7adf1e5f0 JavaThread "Monitor Deflation Thread"   daemon [_thread_blocked, id=355164, stack(0x000000b3b0100000,0x000000b3b0200000) (1024K)]
  0x000002a7adf22880 JavaThread "C2 CompilerThread0"         daemon [_thread_in_native, id=354412, stack(0x000000b3b0200000,0x000000b3b0300000) (1024K)]
  0x000002a7adf29360 JavaThread "C1 CompilerThread0"         daemon [_thread_in_native, id=344356, stack(0x000000b3b0300000,0x000000b3b0400000) (1024K)]
  0x000002a7f326c420 JavaThread "Notification Thread"        daemon [_thread_blocked, id=355680, stack(0x000000b3b0400000,0x000000b3b0500000) (1024K)]
  0x000002a7f327ab10 JavaThread "Common-Cleaner"             daemon [_thread_blocked, id=350148, stack(0x000000b3b0500000,0x000000b3b0600000) (1024K)]
=>0x000002a7f343a1e0 JavaThread "C2 CompilerThread1"         daemon [_thread_in_native, id=355952, stack(0x000000b3b0600000,0x000000b3b0700000) (1024K)]
  0x000002a7f3f03550 JavaThread "C2 CompilerThread2"         daemon [_thread_blocked, id=12856, stack(0x000000b3b0700000,0x000000b3b0800000) (1024K)]
Total: 13

Other Threads:
  0x000002a7adef0750 VMThread "VM Thread"                           [id=351772, stack(0x000000b3afb00000,0x000000b3afc00000) (1024K)]
  0x000002a7aded6ec0 WatcherThread "VM Periodic Task Thread"        [id=24296, stack(0x000000b3afa00000,0x000000b3afb00000) (1024K)]
  0x000002a78ef99610 WorkerThread "GC Thread#0"                     [id=350588, stack(0x000000b3af500000,0x000000b3af600000) (1024K)]
  0x000002a7f3bc2580 WorkerThread "GC Thread#1"                     [id=350076, stack(0x000000b3b0800000,0x000000b3b0900000) (1024K)]
  0x000002a7f4004930 WorkerThread "GC Thread#2"                     [id=355460, stack(0x000000b3b0900000,0x000000b3b0a00000) (1024K)]
  0x000002a7f40050f0 WorkerThread "GC Thread#3"                     [id=356832, stack(0x000000b3b0a00000,0x000000b3b0b00000) (1024K)]
  0x000002a7f40054a0 WorkerThread "GC Thread#4"                     [id=357320, stack(0x000000b3b0b00000,0x000000b3b0c00000) (1024K)]
  0x000002a7f40cbd40 WorkerThread "GC Thread#5"                     [id=310644, stack(0x000000b3b0c00000,0x000000b3b0d00000) (1024K)]
  0x000002a7f40b9520 WorkerThread "GC Thread#6"                     [id=356212, stack(0x000000b3b0d00000,0x000000b3b0e00000) (1024K)]
  0x000002a7f40dbac0 WorkerThread "GC Thread#7"                     [id=15568, stack(0x000000b3b0e00000,0x000000b3b0f00000) (1024K)]
  0x000002a78efaa060 ConcurrentGCThread "G1 Main Marker"            [id=353032, stack(0x000000b3af600000,0x000000b3af700000) (1024K)]
  0x000002a78efaaa80 WorkerThread "G1 Conc#0"                       [id=312804, stack(0x000000b3af700000,0x000000b3af800000) (1024K)]
  0x000002a78effe590 ConcurrentGCThread "G1 Refine#0"               [id=352616, stack(0x000000b3af800000,0x000000b3af900000) (1024K)]
  0x000002a7addaf6c0 ConcurrentGCThread "G1 Service"                [id=354016, stack(0x000000b3af900000,0x000000b3afa00000) (1024K)]
Total: 14

Threads with active compile tasks:
C2 CompilerThread0  1317 2690   !   4       java.net.URL::<init> (543 bytes)
C1 CompilerThread0  1317 2711       3       jdk.internal.org.objectweb.asm.MethodWriter::putMethodInfo (1274 bytes)
C2 CompilerThread1  1317 2636       4       com.google.inject.internal.MoreTypes::canonicalize (143 bytes)
C2 CompilerThread2  1317 2713       4       java.util.LinkedHashMap::newNode (23 bytes)
Total: 4

VM state: not at safepoint (normal execution)

VM Mutex/Monitor currently owned by a thread: None

Heap address: 0x0000000704a00000, size: 4022 MB, Compressed Oops mode: Zero based, Oop shift amount: 3

CDS archive(s) mapped at: [0x000002a7ae000000-0x000002a7aec60000-0x000002a7aec60000), size 12976128, SharedBaseAddress: 0x000002a7ae000000, ArchiveRelocationMode: 1.
Compressed class space mapped at: 0x000002a7af000000-0x000002a7ef000000, reserved size: 1073741824
Narrow klass base: 0x000002a7ae000000, Narrow klass shift: 0, Narrow klass range: 0x41000000

GC Precious Log:
 CardTable entry size: 512
 Card Set container configuration: InlinePtr #cards 4 size 8 Array Of Cards #cards 16 size 48 Howl #buckets 8 coarsen threshold 3686 Howl Bitmap #cards 512 size 80 coarsen threshold 460 Card regions per heap region 1 cards per card region 4096
 CPUs: 8 total, 8 available
 Memory: 16080M
 Large Page Support: Disabled
 NUMA Support: Disabled
 Compressed Oops: Enabled (Zero based)
 Heap Region Size: 2M
 Heap Min Capacity: 8M
 Heap Initial Capacity: 252M
 Heap Max Capacity: 4022M
 Pre-touch: Disabled
 Parallel Workers: 8
 Concurrent Workers: 2
 Concurrent Refinement Workers: 8
 Periodic GC: Disabled

Heap:
 garbage-first heap   total reserved 4118528K, committed 258048K, used 16525K [0x0000000704a00000, 0x0000000800000000)
  region size 2048K, 8 young (16384K), 2 survivors (4096K)
 Metaspace       used 13466K, committed 13696K, reserved 1114112K
  class space    used 1668K, committed 1792K, reserved 1048576K

Heap Regions: E=young(eden), S=young(survivor), O=old, HS=humongous(starts), HC=humongous(continues), CS=collection set, F=free, TAMS=top-at-mark-start, PB=parsable bottom
|   0|0x0000000704a00000, 0x0000000704c00000, 0x0000000704c00000|100%| O|  |TAMS 0x0000000704a00000| PB 0x0000000704a00000| Untracked |  0
|   1|0x0000000704c00000, 0x0000000704d8aad8, 0x0000000704e00000| 77%| O|  |TAMS 0x0000000704c00000| PB 0x0000000704c00000| Untracked |  0
|   2|0x0000000704e00000, 0x0000000704e00000, 0x0000000705000000|  0%| F|  |TAMS 0x0000000704e00000| PB 0x0000000704e00000| Untracked |  0
|   3|0x0000000705000000, 0x0000000705000000, 0x0000000705200000|  0%| F|  |TAMS 0x0000000705000000| PB 0x0000000705000000| Untracked |  0
|   4|0x0000000705200000, 0x0000000705200000, 0x0000000705400000|  0%| F|  |TAMS 0x0000000705200000| PB 0x0000000705200000| Untracked |  0
|   5|0x0000000705400000, 0x0000000705400000, 0x0000000705600000|  0%| F|  |TAMS 0x0000000705400000| PB 0x0000000705400000| Untracked |  0
|   6|0x0000000705600000, 0x0000000705600000, 0x0000000705800000|  0%| F|  |TAMS 0x0000000705600000| PB 0x0000000705600000| Untracked |  0
|   7|0x0000000705800000, 0x0000000705800000, 0x0000000705a00000|  0%| F|  |TAMS 0x0000000705800000| PB 0x0000000705800000| Untracked |  0
|   8|0x0000000705a00000, 0x0000000705a00000, 0x0000000705c00000|  0%| F|  |TAMS 0x0000000705a00000| PB 0x0000000705a00000| Untracked |  0
|   9|0x0000000705c00000, 0x0000000705c00000, 0x0000000705e00000|  0%| F|  |TAMS 0x0000000705c00000| PB 0x0000000705c00000| Untracked |  0
|  10|0x0000000705e00000, 0x0000000705e00000, 0x0000000706000000|  0%| F|  |TAMS 0x0000000705e00000| PB 0x0000000705e00000| Untracked |  0
|  11|0x0000000706000000, 0x0000000706000000, 0x0000000706200000|  0%| F|  |TAMS 0x0000000706000000| PB 0x0000000706000000| Untracked |  0
|  12|0x0000000706200000, 0x0000000706200000, 0x0000000706400000|  0%| F|  |TAMS 0x0000000706200000| PB 0x0000000706200000| Untracked |  0
|  13|0x0000000706400000, 0x0000000706400000, 0x0000000706600000|  0%| F|  |TAMS 0x0000000706400000| PB 0x0000000706400000| Untracked |  0
|  14|0x0000000706600000, 0x0000000706600000, 0x0000000706800000|  0%| F|  |TAMS 0x0000000706600000| PB 0x0000000706600000| Untracked |  0
|  15|0x0000000706800000, 0x0000000706800000, 0x0000000706a00000|  0%| F|  |TAMS 0x0000000706800000| PB 0x0000000706800000| Untracked |  0
|  16|0x0000000706a00000, 0x0000000706a00000, 0x0000000706c00000|  0%| F|  |TAMS 0x0000000706a00000| PB 0x0000000706a00000| Untracked |  0
|  17|0x0000000706c00000, 0x0000000706c00000, 0x0000000706e00000|  0%| F|  |TAMS 0x0000000706c00000| PB 0x0000000706c00000| Untracked |  0
|  18|0x0000000706e00000, 0x0000000706e00000, 0x0000000707000000|  0%| F|  |TAMS 0x0000000706e00000| PB 0x0000000706e00000| Untracked |  0
|  19|0x0000000707000000, 0x0000000707000000, 0x0000000707200000|  0%| F|  |TAMS 0x0000000707000000| PB 0x0000000707000000| Untracked |  0
|  20|0x0000000707200000, 0x0000000707200000, 0x0000000707400000|  0%| F|  |TAMS 0x0000000707200000| PB 0x0000000707200000| Untracked |  0
|  21|0x0000000707400000, 0x0000000707400000, 0x0000000707600000|  0%| F|  |TAMS 0x0000000707400000| PB 0x0000000707400000| Untracked |  0
|  22|0x0000000707600000, 0x0000000707600000, 0x0000000707800000|  0%| F|  |TAMS 0x0000000707600000| PB 0x0000000707600000| Untracked |  0
|  23|0x0000000707800000, 0x0000000707800000, 0x0000000707a00000|  0%| F|  |TAMS 0x0000000707800000| PB 0x0000000707800000| Untracked |  0
|  24|0x0000000707a00000, 0x0000000707a00000, 0x0000000707c00000|  0%| F|  |TAMS 0x0000000707a00000| PB 0x0000000707a00000| Untracked |  0
|  25|0x0000000707c00000, 0x0000000707c00000, 0x0000000707e00000|  0%| F|  |TAMS 0x0000000707c00000| PB 0x0000000707c00000| Untracked |  0
|  26|0x0000000707e00000, 0x0000000707e00000, 0x0000000708000000|  0%| F|  |TAMS 0x0000000707e00000| PB 0x0000000707e00000| Untracked |  0
|  27|0x0000000708000000, 0x0000000708000000, 0x0000000708200000|  0%| F|  |TAMS 0x0000000708000000| PB 0x0000000708000000| Untracked |  0
|  28|0x0000000708200000, 0x0000000708200000, 0x0000000708400000|  0%| F|  |TAMS 0x0000000708200000| PB 0x0000000708200000| Untracked |  0
|  29|0x0000000708400000, 0x0000000708400000, 0x0000000708600000|  0%| F|  |TAMS 0x0000000708400000| PB 0x0000000708400000| Untracked |  0
|  30|0x0000000708600000, 0x0000000708600000, 0x0000000708800000|  0%| F|  |TAMS 0x0000000708600000| PB 0x0000000708600000| Untracked |  0
|  31|0x0000000708800000, 0x0000000708800000, 0x0000000708a00000|  0%| F|  |TAMS 0x0000000708800000| PB 0x0000000708800000| Untracked |  0
|  32|0x0000000708a00000, 0x0000000708a00000, 0x0000000708c00000|  0%| F|  |TAMS 0x0000000708a00000| PB 0x0000000708a00000| Untracked |  0
|  33|0x0000000708c00000, 0x0000000708c00000, 0x0000000708e00000|  0%| F|  |TAMS 0x0000000708c00000| PB 0x0000000708c00000| Untracked |  0
|  34|0x0000000708e00000, 0x0000000708e00000, 0x0000000709000000|  0%| F|  |TAMS 0x0000000708e00000| PB 0x0000000708e00000| Untracked |  0
|  35|0x0000000709000000, 0x0000000709000000, 0x0000000709200000|  0%| F|  |TAMS 0x0000000709000000| PB 0x0000000709000000| Untracked |  0
|  36|0x0000000709200000, 0x0000000709200000, 0x0000000709400000|  0%| F|  |TAMS 0x0000000709200000| PB 0x0000000709200000| Untracked |  0
|  37|0x0000000709400000, 0x0000000709400000, 0x0000000709600000|  0%| F|  |TAMS 0x0000000709400000| PB 0x0000000709400000| Untracked |  0
|  38|0x0000000709600000, 0x0000000709600000, 0x0000000709800000|  0%| F|  |TAMS 0x0000000709600000| PB 0x0000000709600000| Untracked |  0
|  39|0x0000000709800000, 0x0000000709800000, 0x0000000709a00000|  0%| F|  |TAMS 0x0000000709800000| PB 0x0000000709800000| Untracked |  0
|  40|0x0000000709a00000, 0x0000000709a00000, 0x0000000709c00000|  0%| F|  |TAMS 0x0000000709a00000| PB 0x0000000709a00000| Untracked |  0
|  41|0x0000000709c00000, 0x0000000709c00000, 0x0000000709e00000|  0%| F|  |TAMS 0x0000000709c00000| PB 0x0000000709c00000| Untracked |  0
|  42|0x0000000709e00000, 0x0000000709e00000, 0x000000070a000000|  0%| F|  |TAMS 0x0000000709e00000| PB 0x0000000709e00000| Untracked |  0
|  43|0x000000070a000000, 0x000000070a000000, 0x000000070a200000|  0%| F|  |TAMS 0x000000070a000000| PB 0x000000070a000000| Untracked |  0
|  44|0x000000070a200000, 0x000000070a200000, 0x000000070a400000|  0%| F|  |TAMS 0x000000070a200000| PB 0x000000070a200000| Untracked |  0
|  45|0x000000070a400000, 0x000000070a400000, 0x000000070a600000|  0%| F|  |TAMS 0x000000070a400000| PB 0x000000070a400000| Untracked |  0
|  46|0x000000070a600000, 0x000000070a600000, 0x000000070a800000|  0%| F|  |TAMS 0x000000070a600000| PB 0x000000070a600000| Untracked |  0
|  47|0x000000070a800000, 0x000000070a800000, 0x000000070aa00000|  0%| F|  |TAMS 0x000000070a800000| PB 0x000000070a800000| Untracked |  0
|  48|0x000000070aa00000, 0x000000070aa00000, 0x000000070ac00000|  0%| F|  |TAMS 0x000000070aa00000| PB 0x000000070aa00000| Untracked |  0
|  49|0x000000070ac00000, 0x000000070ac00000, 0x000000070ae00000|  0%| F|  |TAMS 0x000000070ac00000| PB 0x000000070ac00000| Untracked |  0
|  50|0x000000070ae00000, 0x000000070ae00000, 0x000000070b000000|  0%| F|  |TAMS 0x000000070ae00000| PB 0x000000070ae00000| Untracked |  0
|  51|0x000000070b000000, 0x000000070b000000, 0x000000070b200000|  0%| F|  |TAMS 0x000000070b000000| PB 0x000000070b000000| Untracked |  0
|  52|0x000000070b200000, 0x000000070b200000, 0x000000070b400000|  0%| F|  |TAMS 0x000000070b200000| PB 0x000000070b200000| Untracked |  0
|  53|0x000000070b400000, 0x000000070b400000, 0x000000070b600000|  0%| F|  |TAMS 0x000000070b400000| PB 0x000000070b400000| Untracked |  0
|  54|0x000000070b600000, 0x000000070b600000, 0x000000070b800000|  0%| F|  |TAMS 0x000000070b600000| PB 0x000000070b600000| Untracked |  0
|  55|0x000000070b800000, 0x000000070b800000, 0x000000070ba00000|  0%| F|  |TAMS 0x000000070b800000| PB 0x000000070b800000| Untracked |  0
|  56|0x000000070ba00000, 0x000000070ba00000, 0x000000070bc00000|  0%| F|  |TAMS 0x000000070ba00000| PB 0x000000070ba00000| Untracked |  0
|  57|0x000000070bc00000, 0x000000070bc00000, 0x000000070be00000|  0%| F|  |TAMS 0x000000070bc00000| PB 0x000000070bc00000| Untracked |  0
|  58|0x000000070be00000, 0x000000070be00000, 0x000000070c000000|  0%| F|  |TAMS 0x000000070be00000| PB 0x000000070be00000| Untracked |  0
|  59|0x000000070c000000, 0x000000070c000000, 0x000000070c200000|  0%| F|  |TAMS 0x000000070c000000| PB 0x000000070c000000| Untracked |  0
|  60|0x000000070c200000, 0x000000070c200000, 0x000000070c400000|  0%| F|  |TAMS 0x000000070c200000| PB 0x000000070c200000| Untracked |  0
|  61|0x000000070c400000, 0x000000070c400000, 0x000000070c600000|  0%| F|  |TAMS 0x000000070c400000| PB 0x000000070c400000| Untracked |  0
|  62|0x000000070c600000, 0x000000070c600000, 0x000000070c800000|  0%| F|  |TAMS 0x000000070c600000| PB 0x000000070c600000| Untracked |  0
|  63|0x000000070c800000, 0x000000070c800000, 0x000000070ca00000|  0%| F|  |TAMS 0x000000070c800000| PB 0x000000070c800000| Untracked |  0
|  64|0x000000070ca00000, 0x000000070ca00000, 0x000000070cc00000|  0%| F|  |TAMS 0x000000070ca00000| PB 0x000000070ca00000| Untracked |  0
|  65|0x000000070cc00000, 0x000000070cc00000, 0x000000070ce00000|  0%| F|  |TAMS 0x000000070cc00000| PB 0x000000070cc00000| Untracked |  0
|  66|0x000000070ce00000, 0x000000070ce00000, 0x000000070d000000|  0%| F|  |TAMS 0x000000070ce00000| PB 0x000000070ce00000| Untracked |  0
|  67|0x000000070d000000, 0x000000070d000000, 0x000000070d200000|  0%| F|  |TAMS 0x000000070d000000| PB 0x000000070d000000| Untracked |  0
|  68|0x000000070d200000, 0x000000070d200000, 0x000000070d400000|  0%| F|  |TAMS 0x000000070d200000| PB 0x000000070d200000| Untracked |  0
|  69|0x000000070d400000, 0x000000070d400000, 0x000000070d600000|  0%| F|  |TAMS 0x000000070d400000| PB 0x000000070d400000| Untracked |  0
|  70|0x000000070d600000, 0x000000070d600000, 0x000000070d800000|  0%| F|  |TAMS 0x000000070d600000| PB 0x000000070d600000| Untracked |  0
|  71|0x000000070d800000, 0x000000070d800000, 0x000000070da00000|  0%| F|  |TAMS 0x000000070d800000| PB 0x000000070d800000| Untracked |  0
|  72|0x000000070da00000, 0x000000070da00000, 0x000000070dc00000|  0%| F|  |TAMS 0x000000070da00000| PB 0x000000070da00000| Untracked |  0
|  73|0x000000070dc00000, 0x000000070dc00000, 0x000000070de00000|  0%| F|  |TAMS 0x000000070dc00000| PB 0x000000070dc00000| Untracked |  0
|  74|0x000000070de00000, 0x000000070de00000, 0x000000070e000000|  0%| F|  |TAMS 0x000000070de00000| PB 0x000000070de00000| Untracked |  0
|  75|0x000000070e000000, 0x000000070e000000, 0x000000070e200000|  0%| F|  |TAMS 0x000000070e000000| PB 0x000000070e000000| Untracked |  0
|  76|0x000000070e200000, 0x000000070e200000, 0x000000070e400000|  0%| F|  |TAMS 0x000000070e200000| PB 0x000000070e200000| Untracked |  0
|  77|0x000000070e400000, 0x000000070e400000, 0x000000070e600000|  0%| F|  |TAMS 0x000000070e400000| PB 0x000000070e400000| Untracked |  0
|  78|0x000000070e600000, 0x000000070e600000, 0x000000070e800000|  0%| F|  |TAMS 0x000000070e600000| PB 0x000000070e600000| Untracked |  0
|  79|0x000000070e800000, 0x000000070e800000, 0x000000070ea00000|  0%| F|  |TAMS 0x000000070e800000| PB 0x000000070e800000| Untracked |  0
|  80|0x000000070ea00000, 0x000000070ea00000, 0x000000070ec00000|  0%| F|  |TAMS 0x000000070ea00000| PB 0x000000070ea00000| Untracked |  0
|  81|0x000000070ec00000, 0x000000070ec00000, 0x000000070ee00000|  0%| F|  |TAMS 0x000000070ec00000| PB 0x000000070ec00000| Untracked |  0
|  82|0x000000070ee00000, 0x000000070ee00000, 0x000000070f000000|  0%| F|  |TAMS 0x000000070ee00000| PB 0x000000070ee00000| Untracked |  0
|  83|0x000000070f000000, 0x000000070f000000, 0x000000070f200000|  0%| F|  |TAMS 0x000000070f000000| PB 0x000000070f000000| Untracked |  0
|  84|0x000000070f200000, 0x000000070f200000, 0x000000070f400000|  0%| F|  |TAMS 0x000000070f200000| PB 0x000000070f200000| Untracked |  0
|  85|0x000000070f400000, 0x000000070f400000, 0x000000070f600000|  0%| F|  |TAMS 0x000000070f400000| PB 0x000000070f400000| Untracked |  0
|  86|0x000000070f600000, 0x000000070f600000, 0x000000070f800000|  0%| F|  |TAMS 0x000000070f600000| PB 0x000000070f600000| Untracked |  0
|  87|0x000000070f800000, 0x000000070f800000, 0x000000070fa00000|  0%| F|  |TAMS 0x000000070f800000| PB 0x000000070f800000| Untracked |  0
|  88|0x000000070fa00000, 0x000000070fa00000, 0x000000070fc00000|  0%| F|  |TAMS 0x000000070fa00000| PB 0x000000070fa00000| Untracked |  0
|  89|0x000000070fc00000, 0x000000070fc00000, 0x000000070fe00000|  0%| F|  |TAMS 0x000000070fc00000| PB 0x000000070fc00000| Untracked |  0
|  90|0x000000070fe00000, 0x000000070fe00000, 0x0000000710000000|  0%| F|  |TAMS 0x000000070fe00000| PB 0x000000070fe00000| Untracked |  0
|  91|0x0000000710000000, 0x0000000710000000, 0x0000000710200000|  0%| F|  |TAMS 0x0000000710000000| PB 0x0000000710000000| Untracked |  0
|  92|0x0000000710200000, 0x0000000710200000, 0x0000000710400000|  0%| F|  |TAMS 0x0000000710200000| PB 0x0000000710200000| Untracked |  0
|  93|0x0000000710400000, 0x0000000710400000, 0x0000000710600000|  0%| F|  |TAMS 0x0000000710400000| PB 0x0000000710400000| Untracked |  0
|  94|0x0000000710600000, 0x0000000710600000, 0x0000000710800000|  0%| F|  |TAMS 0x0000000710600000| PB 0x0000000710600000| Untracked |  0
|  95|0x0000000710800000, 0x0000000710800000, 0x0000000710a00000|  0%| F|  |TAMS 0x0000000710800000| PB 0x0000000710800000| Untracked |  0
|  96|0x0000000710a00000, 0x0000000710a00000, 0x0000000710c00000|  0%| F|  |TAMS 0x0000000710a00000| PB 0x0000000710a00000| Untracked |  0
|  97|0x0000000710c00000, 0x0000000710c00000, 0x0000000710e00000|  0%| F|  |TAMS 0x0000000710c00000| PB 0x0000000710c00000| Untracked |  0
|  98|0x0000000710e00000, 0x0000000710e00000, 0x0000000711000000|  0%| F|  |TAMS 0x0000000710e00000| PB 0x0000000710e00000| Untracked |  0
|  99|0x0000000711000000, 0x0000000711000000, 0x0000000711200000|  0%| F|  |TAMS 0x0000000711000000| PB 0x0000000711000000| Untracked |  0
| 100|0x0000000711200000, 0x0000000711200000, 0x0000000711400000|  0%| F|  |TAMS 0x0000000711200000| PB 0x0000000711200000| Untracked |  0
| 101|0x0000000711400000, 0x0000000711400000, 0x0000000711600000|  0%| F|  |TAMS 0x0000000711400000| PB 0x0000000711400000| Untracked |  0
| 102|0x0000000711600000, 0x0000000711600000, 0x0000000711800000|  0%| F|  |TAMS 0x0000000711600000| PB 0x0000000711600000| Untracked |  0
| 103|0x0000000711800000, 0x0000000711800000, 0x0000000711a00000|  0%| F|  |TAMS 0x0000000711800000| PB 0x0000000711800000| Untracked |  0
| 104|0x0000000711a00000, 0x0000000711a989a0, 0x0000000711c00000| 29%| S|CS|TAMS 0x0000000711a00000| PB 0x0000000711a00000| Complete |  0
| 105|0x0000000711c00000, 0x0000000711e00000, 0x0000000711e00000|100%| S|CS|TAMS 0x0000000711c00000| PB 0x0000000711c00000| Complete |  0
| 106|0x0000000711e00000, 0x0000000711e00000, 0x0000000712000000|  0%| F|  |TAMS 0x0000000711e00000| PB 0x0000000711e00000| Untracked |  0
| 107|0x0000000712000000, 0x0000000712000000, 0x0000000712200000|  0%| F|  |TAMS 0x0000000712000000| PB 0x0000000712000000| Untracked |  0
| 108|0x0000000712200000, 0x0000000712200000, 0x0000000712400000|  0%| F|  |TAMS 0x0000000712200000| PB 0x0000000712200000| Untracked |  0
| 109|0x0000000712400000, 0x0000000712400000, 0x0000000712600000|  0%| F|  |TAMS 0x0000000712400000| PB 0x0000000712400000| Untracked |  0
| 110|0x0000000712600000, 0x0000000712600000, 0x0000000712800000|  0%| F|  |TAMS 0x0000000712600000| PB 0x0000000712600000| Untracked |  0
| 111|0x0000000712800000, 0x0000000712800000, 0x0000000712a00000|  0%| F|  |TAMS 0x0000000712800000| PB 0x0000000712800000| Untracked |  0
| 112|0x0000000712a00000, 0x0000000712a00000, 0x0000000712c00000|  0%| F|  |TAMS 0x0000000712a00000| PB 0x0000000712a00000| Untracked |  0
| 113|0x0000000712c00000, 0x0000000712c00000, 0x0000000712e00000|  0%| F|  |TAMS 0x0000000712c00000| PB 0x0000000712c00000| Untracked |  0
| 114|0x0000000712e00000, 0x0000000712e00000, 0x0000000713000000|  0%| F|  |TAMS 0x0000000712e00000| PB 0x0000000712e00000| Untracked |  0
| 115|0x0000000713000000, 0x0000000713000000, 0x0000000713200000|  0%| F|  |TAMS 0x0000000713000000| PB 0x0000000713000000| Untracked |  0
| 116|0x0000000713200000, 0x0000000713200000, 0x0000000713400000|  0%| F|  |TAMS 0x0000000713200000| PB 0x0000000713200000| Untracked |  0
| 117|0x0000000713400000, 0x0000000713400000, 0x0000000713600000|  0%| F|  |TAMS 0x0000000713400000| PB 0x0000000713400000| Untracked |  0
| 118|0x0000000713600000, 0x0000000713600000, 0x0000000713800000|  0%| F|  |TAMS 0x0000000713600000| PB 0x0000000713600000| Untracked |  0
| 119|0x0000000713800000, 0x0000000713800000, 0x0000000713a00000|  0%| F|  |TAMS 0x0000000713800000| PB 0x0000000713800000| Untracked |  0
| 120|0x0000000713a00000, 0x0000000713c00000, 0x0000000713c00000|100%| E|  |TAMS 0x0000000713a00000| PB 0x0000000713a00000| Complete |  0
| 121|0x0000000713c00000, 0x0000000713e00000, 0x0000000713e00000|100%| E|CS|TAMS 0x0000000713c00000| PB 0x0000000713c00000| Complete |  0
| 122|0x0000000713e00000, 0x0000000714000000, 0x0000000714000000|100%| E|CS|TAMS 0x0000000713e00000| PB 0x0000000713e00000| Complete |  0
| 123|0x0000000714000000, 0x0000000714200000, 0x0000000714200000|100%| E|CS|TAMS 0x0000000714000000| PB 0x0000000714000000| Complete |  0
| 124|0x0000000714200000, 0x0000000714400000, 0x0000000714400000|100%| E|CS|TAMS 0x0000000714200000| PB 0x0000000714200000| Complete |  0
| 125|0x0000000714400000, 0x0000000714600000, 0x0000000714600000|100%| E|CS|TAMS 0x0000000714400000| PB 0x0000000714400000| Complete |  0

Card table byte_map: [0x000002a7a6d90000,0x000002a7a7570000] _byte_map_base: 0x000002a7a356b000

Marking Bits: (CMBitMap*) 0x000002a78ef99c30
 Bits: [0x000002a7a7570000, 0x000002a7ab448000)

Polling page: 0x000002a78e700000

Metaspace:

Usage:
  Non-class:     11.56 MB used.
      Class:      1.63 MB used.
       Both:     13.19 MB used.

Virtual space:
  Non-class space:       64.00 MB reserved,      11.69 MB ( 18%) committed,  1 nodes.
      Class space:        1.00 GB reserved,       1.75 MB ( <1%) committed,  1 nodes.
             Both:        1.06 GB reserved,      13.44 MB (  1%) committed. 

Chunk freelists:
   Non-Class:  3.52 MB
       Class:  14.10 MB
        Both:  17.62 MB

MaxMetaspaceSize: unlimited
CompressedClassSpaceSize: 1.00 GB
Initial GC threshold: 21.00 MB
Current GC threshold: 21.00 MB
CDS: on
 - commit_granule_bytes: 65536.
 - commit_granule_words: 8192.
 - virtual_space_node_default_size: 8388608.
 - enlarge_chunks_in_place: 1.
 - use_allocation_guard: 0.


Internal statistics:

num_allocs_failed_limit: 0.
num_arena_births: 132.
num_arena_deaths: 0.
num_vsnodes_births: 2.
num_vsnodes_deaths: 0.
num_space_committed: 215.
num_space_uncommitted: 0.
num_chunks_returned_to_freelist: 0.
num_chunks_taken_from_freelist: 562.
num_chunk_merges: 0.
num_chunk_splits: 401.
num_chunks_enlarged: 336.
num_inconsistent_stats: 0.

CodeHeap 'non-profiled nmethods': size=120000Kb used=1107Kb max_used=1107Kb free=118892Kb
 bounds [0x000002a79ed50000, 0x000002a79efc0000, 0x000002a7a6280000]
CodeHeap 'profiled nmethods': size=120000Kb used=5283Kb max_used=5283Kb free=114717Kb
 bounds [0x000002a797280000, 0x000002a7977b0000, 0x000002a79e7b0000]
CodeHeap 'non-nmethods': size=5760Kb used=1531Kb max_used=1546Kb free=4228Kb
 bounds [0x000002a79e7b0000, 0x000002a79ea20000, 0x000002a79ed50000]
 total_blobs=3194 nmethods=2710 adapters=388
 compilation: enabled
              stopped_count=0, restarted_count=0
 full_count=0

Compilation events (20 events):
Event: 1.272 Thread 0x000002a7adf29360 nmethod 2652 0x000002a79778a310 code [0x000002a79778a520, 0x000002a79778ac68]
Event: 1.272 Thread 0x000002a7adf29360 2653       3       com.google.common.collect.Maps$ViewCachingAbstractMap::entrySet (23 bytes)
Event: 1.273 Thread 0x000002a7adf29360 nmethod 2653 0x000002a79778ae90 code [0x000002a79778b040, 0x000002a79778b2f0]
Event: 1.273 Thread 0x000002a7adf29360 2654       3       com.google.common.collect.AbstractMapBasedMultimap$AsMap$AsMapEntries::iterator (12 bytes)
Event: 1.273 Thread 0x000002a7adf29360 nmethod 2654 0x000002a79778b390 code [0x000002a79778b560, 0x000002a79778b9f8]
Event: 1.273 Thread 0x000002a7adf29360 2655       3       com.google.common.collect.AbstractMapBasedMultimap$AsMap$AsMapIterator::<init> (31 bytes)
Event: 1.273 Thread 0x000002a7adf29360 nmethod 2655 0x000002a79778bb90 code [0x000002a79778bd60, 0x000002a79778c138]
Event: 1.273 Thread 0x000002a7adf29360 2656       3       com.google.common.collect.Maps::valueIterator (9 bytes)
Event: 1.273 Thread 0x000002a7adf29360 nmethod 2656 0x000002a79778c290 code [0x000002a79778c460, 0x000002a79778c970]
Event: 1.273 Thread 0x000002a7adf29360 2648       3       com.google.inject.internal.ProviderInstanceBindingImpl::acceptTargetVisitor (33 bytes)
Event: 1.273 Thread 0x000002a7adf29360 nmethod 2648 0x000002a79778cb10 code [0x000002a79778cce0, 0x000002a79778d1d8]
Event: 1.273 Thread 0x000002a7adf29360 2658       3       java.lang.invoke.MethodType::dropParameterTypes (162 bytes)
Event: 1.274 Thread 0x000002a7adf22880 nmethod 2647 0x000002a79ee60010 code [0x000002a79ee601c0, 0x000002a79ee604e8]
Event: 1.274 Thread 0x000002a7adf29360 nmethod 2658 0x000002a79778d310 code [0x000002a79778d600, 0x000002a79778e488]
Event: 1.274 Thread 0x000002a7adf29360 2659       3       java.lang.invoke.LambdaFormEditor$TransformKey::bval (26 bytes)
Event: 1.274 Thread 0x000002a7adf29360 nmethod 2659 0x000002a79778e990 code [0x000002a79778eb20, 0x000002a79778ec28]
Event: 1.274 Thread 0x000002a7adf29360 2660       3       java.lang.invoke.LambdaFormEditor$TransformKey::packedBytes (30 bytes)
Event: 1.274 Thread 0x000002a7adf29360 nmethod 2660 0x000002a79778ec90 code [0x000002a79778ee20, 0x000002a79778ef28]
Event: 1.274 Thread 0x000002a7adf29360 2657       1       org.eclipse.sisu.inject.RankedBindings::type (5 bytes)
Event: 1.274 Thread 0x000002a7adf29360 nmethod 2657 0x000002a79ee60790 code [0x000002a79ee60920, 0x000002a79ee609f0]

GC Heap History (4 events):
Event: 0.499 GC heap before
{Heap before GC invocations=0 (full 0):
 garbage-first heap   total reserved 4118528K, committed 258048K, used 24576K [0x0000000704a00000, 0x0000000800000000)
  region size 2048K, 12 young (24576K), 0 survivors (0K)
 Metaspace       used 5587K, committed 5824K, reserved 1114112K
  class space    used 669K, committed 768K, reserved 1048576K
}
Event: 0.502 GC heap after
{Heap after GC invocations=1 (full 0):
 garbage-first heap   total reserved 4118528K, committed 258048K, used 3922K [0x0000000704a00000, 0x0000000800000000)
  region size 2048K, 2 young (4096K), 2 survivors (4096K)
 Metaspace       used 5587K, committed 5824K, reserved 1114112K
  class space    used 669K, committed 768K, reserved 1048576K
}
Event: 1.032 GC heap before
{Heap before GC invocations=1 (full 0):
 garbage-first heap   total reserved 4118528K, committed 258048K, used 40786K [0x0000000704a00000, 0x0000000800000000)
  region size 2048K, 20 young (40960K), 2 survivors (4096K)
 Metaspace       used 11211K, committed 11392K, reserved 1114112K
  class space    used 1368K, committed 1472K, reserved 1048576K
}
Event: 1.037 GC heap after
{Heap after GC invocations=2 (full 0):
 garbage-first heap   total reserved 4118528K, committed 258048K, used 6285K [0x0000000704a00000, 0x0000000800000000)
  region size 2048K, 2 young (4096K), 2 survivors (4096K)
 Metaspace       used 11211K, committed 11392K, reserved 1114112K
  class space    used 1368K, committed 1472K, reserved 1048576K
}

Dll operation events (8 events):
Event: 0.006 Loaded shared library C:\Program Files\Java\jdk-22\bin\java.dll
Event: 0.037 Loaded shared library C:\Program Files\Java\jdk-22\bin\jsvml.dll
Event: 0.050 Loaded shared library C:\Program Files\Java\jdk-22\bin\net.dll
Event: 0.052 Loaded shared library C:\Program Files\Java\jdk-22\bin\nio.dll
Event: 0.054 Loaded shared library C:\Program Files\Java\jdk-22\bin\zip.dll
Event: 0.138 Loaded shared library D:\SOFT\apache-maven-3.9.8-bin\apache-maven-3.9.8\lib\jansi-native\Windows\x86_64\jansi.dll
Event: 0.140 Loaded shared library C:\Program Files\Java\jdk-22\bin\jimage.dll
Event: 0.148 Loaded shared library C:\Program Files\Java\jdk-22\bin\verify.dll

Deoptimization events (20 events):
Event: 1.251 Thread 0x000002a78ef33120 Uncommon trap: trap_request=0xffffffd6 fr.pc=0x000002a79ee55084 relative=0x0000000000000f44
Event: 1.251 Thread 0x000002a78ef33120 Uncommon trap: reason=array_check action=maybe_recompile pc=0x000002a79ee55084 method=com.google.inject.internal.MoreTypes$ParameterizedTypeImpl.<init>(Ljava/lang/reflect/Type;Ljava/lang/reflect/Type;[Ljava/lang/reflect/Type;)V @ 200 c2
Event: 1.251 Thread 0x000002a78ef33120 DEOPT PACKING pc=0x000002a79ee55084 sp=0x000000b3af4fa1b0
Event: 1.251 Thread 0x000002a78ef33120 DEOPT UNPACKING pc=0x000002a79e807da2 sp=0x000000b3af4fa078 mode 2
Event: 1.251 Thread 0x000002a78ef33120 Uncommon trap: trap_request=0xffffffd6 fr.pc=0x000002a79ee55084 relative=0x0000000000000f44
Event: 1.251 Thread 0x000002a78ef33120 Uncommon trap: reason=array_check action=maybe_recompile pc=0x000002a79ee55084 method=com.google.inject.internal.MoreTypes$ParameterizedTypeImpl.<init>(Ljava/lang/reflect/Type;Ljava/lang/reflect/Type;[Ljava/lang/reflect/Type;)V @ 200 c2
Event: 1.251 Thread 0x000002a78ef33120 DEOPT PACKING pc=0x000002a79ee55084 sp=0x000000b3af4fa190
Event: 1.251 Thread 0x000002a78ef33120 DEOPT UNPACKING pc=0x000002a79e807da2 sp=0x000000b3af4fa058 mode 2
Event: 1.263 Thread 0x000002a78ef33120 Uncommon trap: trap_request=0xffffff45 fr.pc=0x000002a79ee2e62c relative=0x000000000000188c
Event: 1.263 Thread 0x000002a78ef33120 Uncommon trap: reason=unstable_if action=reinterpret pc=0x000002a79ee2e62c method=jdk.internal.org.objectweb.asm.Frame.execute(IILjdk/internal/org/objectweb/asm/Symbol;Ljdk/internal/org/objectweb/asm/SymbolTable;)V @ 1 c2
Event: 1.263 Thread 0x000002a78ef33120 DEOPT PACKING pc=0x000002a79ee2e62c sp=0x000000b3af4f99e0
Event: 1.263 Thread 0x000002a78ef33120 DEOPT UNPACKING pc=0x000002a79e807da2 sp=0x000000b3af4f9948 mode 2
Event: 1.263 Thread 0x000002a78ef33120 Uncommon trap: trap_request=0xffffff45 fr.pc=0x000002a79ee272c0 relative=0x0000000000000c60
Event: 1.263 Thread 0x000002a78ef33120 Uncommon trap: reason=unstable_if action=reinterpret pc=0x000002a79ee272c0 method=jdk.internal.org.objectweb.asm.SymbolTable.put(Ljdk/internal/org/objectweb/asm/SymbolTable$Entry;)Ljdk/internal/org/objectweb/asm/SymbolTable$Entry; @ 13 c2
Event: 1.263 Thread 0x000002a78ef33120 DEOPT PACKING pc=0x000002a79ee272c0 sp=0x000000b3af4f96f0
Event: 1.263 Thread 0x000002a78ef33120 DEOPT UNPACKING pc=0x000002a79e807da2 sp=0x000000b3af4f9628 mode 2
Event: 1.267 Thread 0x000002a78ef33120 Uncommon trap: trap_request=0xffffffd6 fr.pc=0x000002a79ee4f128 relative=0x0000000000000a68
Event: 1.267 Thread 0x000002a78ef33120 Uncommon trap: reason=array_check action=maybe_recompile pc=0x000002a79ee4f128 method=com.google.inject.internal.MoreTypes$ParameterizedTypeImpl.<init>(Ljava/lang/reflect/Type;Ljava/lang/reflect/Type;[Ljava/lang/reflect/Type;)V @ 200 c2
Event: 1.267 Thread 0x000002a78ef33120 DEOPT PACKING pc=0x000002a79ee4f128 sp=0x000000b3af4faf00
Event: 1.267 Thread 0x000002a78ef33120 DEOPT UNPACKING pc=0x000002a79e807da2 sp=0x000000b3af4fae18 mode 2

Classes loaded (20 events):
Event: 1.246 Loading class sun/security/provider/DRBG
Event: 1.246 Loading class java/security/SecureRandomSpi
Event: 1.246 Loading class java/security/SecureRandomSpi done
Event: 1.246 Loading class sun/security/provider/DRBG done
Event: 1.247 Loading class java/security/DrbgParameters$Capability
Event: 1.247 Loading class java/security/DrbgParameters$Capability done
Event: 1.247 Loading class sun/security/provider/MoreDrbgParameters
Event: 1.247 Loading class sun/security/provider/MoreDrbgParameters done
Event: 1.247 Loading class java/security/DrbgParameters
Event: 1.247 Loading class java/security/DrbgParameters done
Event: 1.247 Loading class java/security/DrbgParameters$Instantiation
Event: 1.247 Loading class java/security/DrbgParameters$Instantiation done
Event: 1.247 Loading class sun/security/provider/HashDrbg
Event: 1.247 Loading class sun/security/provider/AbstractHashDrbg
Event: 1.247 Loading class sun/security/provider/AbstractDrbg
Event: 1.248 Loading class sun/security/provider/AbstractDrbg done
Event: 1.248 Loading class sun/security/provider/AbstractHashDrbg done
Event: 1.248 Loading class sun/security/provider/HashDrbg done
Event: 1.248 Loading class sun/security/provider/EntropySource
Event: 1.248 Loading class sun/security/provider/EntropySource done

Classes unloaded (0 events):
No events

Classes redefined (0 events):
No events

Internal exceptions (20 events):
Event: 0.368 Thread 0x000002a78ef33120 Exception <a 'java/lang/NoSuchMethodError'{0x0000000713759870}: 'java.lang.Object java.lang.invoke.DirectMethodHandle$Holder.invokeInterface(java.lang.Object, java.lang.Object)'> (0x0000000713759870) 
thrown [s\open\src\hotspot\share\interpreter\linkResolver.cpp, line 774]
Event: 0.378 Thread 0x000002a78ef33120 Exception <a 'java/lang/NoSuchMethodError'{0x00000007137f2db8}: 'int java.lang.invoke.DirectMethodHandle$Holder.invokeStatic(java.lang.Object, java.lang.Object, java.lang.Object, java.lang.Object)'> (0x00000007137f2db8) 
thrown [s\open\src\hotspot\share\interpreter\linkResolver.cpp, line 774]
Event: 0.379 Thread 0x000002a78ef33120 Exception <a 'java/lang/NoSuchMethodError'{0x00000007137f6478}: 'java.lang.Object java.lang.invoke.Invokers$Holder.invokeExact_MT(java.lang.Object, java.lang.Object, java.lang.Object, java.lang.Object, java.lang.Object, java.lang.Object)'> (0x00000007137f6478) 
thrown [s\open\src\hotspot\share\interpreter\linkResolver.cpp, line 774]
Event: 0.380 Thread 0x000002a78ef33120 Exception <a 'java/lang/NoSuchMethodError'{0x0000000713405420}: 'int java.lang.invoke.DirectMethodHandle$Holder.invokeSpecialIFC(java.lang.Object, java.lang.Object, java.lang.Object, java.lang.Object, java.lang.Object)'> (0x0000000713405420) 
thrown [s\open\src\hotspot\share\interpreter\linkResolver.cpp, line 774]
Event: 0.412 Thread 0x000002a78ef33120 Exception <a 'java/lang/NoSuchMethodError'{0x000000071358aed0}: 'java.lang.Object java.lang.invoke.DirectMethodHandle$Holder.newInvokeSpecial(java.lang.Object, java.lang.Object, java.lang.Object, java.lang.Object, java.lang.Object)'> (0x000000071358aed0) 
thrown [s\open\src\hotspot\share\interpreter\linkResolver.cpp, line 774]
Event: 0.437 Thread 0x000002a78ef33120 Exception <a 'java/lang/NoSuchMethodError'{0x0000000713288938}: 'int java.lang.invoke.DirectMethodHandle$Holder.invokeStaticInit(java.lang.Object, java.lang.Object)'> (0x0000000713288938) 
thrown [s\open\src\hotspot\share\interpreter\linkResolver.cpp, line 774]
Event: 0.445 Thread 0x000002a78ef33120 Exception <a 'java/lang/NoClassDefFoundError'{0x00000007132bdf98}: javax/enterprise/inject/Typed> (0x00000007132bdf98) 
thrown [s\open\src\hotspot\share\classfile\systemDictionary.cpp, line 302]
Event: 0.956 Thread 0x000002a78ef33120 Exception <a 'java/lang/NoSuchMethodError'{0x000000071200c338}: 'void java.lang.invoke.DirectMethodHandle$Holder.invokeStaticInit(java.lang.Object, java.lang.Object, java.lang.Object)'> (0x000000071200c338) 
thrown [s\open\src\hotspot\share\interpreter\linkResolver.cpp, line 774]
Event: 0.959 Thread 0x000002a78ef33120 Exception <a 'java/lang/ExceptionInInitializerError'{0x00000007120352b8}> (0x00000007120352b8) 
thrown [s\open\src\hotspot\share\oops\instanceKlass.cpp, line 1247]
Event: 0.978 Thread 0x000002a78ef33120 Exception <a 'java/lang/NoSuchMethodError'{0x0000000712142dc8}: 'long java.lang.invoke.DirectMethodHandle$Holder.invokeStatic(java.lang.Object, java.lang.Object, int)'> (0x0000000712142dc8) 
thrown [s\open\src\hotspot\share\interpreter\linkResolver.cpp, line 774]
Event: 0.980 Thread 0x000002a78ef33120 Exception <a 'java/lang/NoSuchMethodError'{0x00000007121562e0}: 'java.lang.Object java.lang.invoke.DirectMethodHandle$Holder.invokeStatic(java.lang.Object, java.lang.Object, java.lang.Object, java.lang.Object, int)'> (0x00000007121562e0) 
thrown [s\open\src\hotspot\share\interpreter\linkResolver.cpp, line 774]
Event: 0.980 Thread 0x000002a78ef33120 Exception <a 'java/lang/NoSuchMethodError'{0x000000071215e498}: 'java.lang.Object java.lang.invoke.DirectMethodHandle$Holder.invokeSpecial(java.lang.Object, java.lang.Object, java.lang.Object, java.lang.Object, long)'> (0x000000071215e498) 
thrown [s\open\src\hotspot\share\interpreter\linkResolver.cpp, line 774]
Event: 0.981 Thread 0x000002a78ef33120 Exception <a 'java/lang/NoSuchMethodError'{0x000000071216a268}: 'java.lang.Object java.lang.invoke.DirectMethodHandle$Holder.invokeSpecial(java.lang.Object, java.lang.Object, java.lang.Object, int, java.lang.Object)'> (0x000000071216a268) 
thrown [s\open\src\hotspot\share\interpreter\linkResolver.cpp, line 774]
Event: 0.981 Thread 0x000002a78ef33120 Exception <a 'java/lang/NoSuchMethodError'{0x0000000712172598}: 'int java.lang.invoke.DirectMethodHandle$Holder.invokeSpecial(java.lang.Object, java.lang.Object, java.lang.Object, int)'> (0x0000000712172598) 
thrown [s\open\src\hotspot\share\interpreter\linkResolver.cpp, line 774]
Event: 0.984 Thread 0x000002a78ef33120 Implicit null exception at 0x000002a79edd51ba to 0x000002a79edd53b4
Event: 0.985 Thread 0x000002a78ef33120 Exception <a 'java/lang/NoSuchMethodError'{0x00000007121971b0}: 'java.lang.Object java.lang.invoke.Invokers$Holder.invokeExact_MT(java.lang.Object, int, java.lang.Object)'> (0x00000007121971b0) 
thrown [s\open\src\hotspot\share\interpreter\linkResolver.cpp, line 774]
Event: 1.140 Thread 0x000002a78ef33120 Exception <a 'java/lang/NoSuchMethodError'{0x0000000713e03840}: 'void java.lang.invoke.Invokers$Holder.invokeExact_MT(java.lang.Object, java.lang.Object, java.lang.Object, java.lang.Object)'> (0x0000000713e03840) 
thrown [s\open\src\hotspot\share\interpreter\linkResolver.cpp, line 774]
Event: 1.153 Thread 0x000002a78ef33120 Exception <a 'java/lang/NoClassDefFoundError'{0x0000000713e8e618}: com/google/inject/servlet/ServletModuleTargetVisitor> (0x0000000713e8e618) 
thrown [s\open\src\hotspot\share\classfile\systemDictionary.cpp, line 302]
Event: 1.213 Thread 0x000002a78ef33120 Exception <a 'java/lang/NoSuchMethodError'{0x0000000713c533e0}: 'void java.lang.invoke.DirectMethodHandle$Holder.invokeVirtual(java.lang.Object, java.lang.Object)'> (0x0000000713c533e0) 
thrown [s\open\src\hotspot\share\interpreter\linkResolver.cpp, line 774]
Event: 1.248 Thread 0x000002a78ef33120 Exception <a 'java/lang/NoSuchMethodError'{0x0000000713cd3020}: 'java.lang.Object java.lang.invoke.DirectMethodHandle$Holder.invokeStaticInit(java.lang.Object, int, int, int, int)'> (0x0000000713cd3020) 
thrown [s\open\src\hotspot\share\interpreter\linkResolver.cpp, line 774]

ZGC Phase Switch (0 events):
No events

VM Operations (20 events):
Event: 0.963 Executing VM operation: HandshakeAllThreads (Deoptimize)
Event: 0.963 Executing VM operation: HandshakeAllThreads (Deoptimize) done
Event: 0.989 Executing VM operation: ICBufferFull
Event: 0.989 Executing VM operation: ICBufferFull done
Event: 1.007 Executing VM operation: HandshakeAllThreads (Deoptimize)
Event: 1.007 Executing VM operation: HandshakeAllThreads (Deoptimize) done
Event: 1.009 Executing VM operation: HandshakeAllThreads (Deoptimize)
Event: 1.009 Executing VM operation: HandshakeAllThreads (Deoptimize) done
Event: 1.032 Executing VM operation: G1CollectForAllocation (G1 Evacuation Pause)
Event: 1.037 Executing VM operation: G1CollectForAllocation (G1 Evacuation Pause) done
Event: 1.052 Executing VM operation: HandshakeAllThreads (Deoptimize)
Event: 1.052 Executing VM operation: HandshakeAllThreads (Deoptimize) done
Event: 1.136 Executing VM operation: HandshakeAllThreads (Deoptimize)
Event: 1.136 Executing VM operation: HandshakeAllThreads (Deoptimize) done
Event: 1.223 Executing VM operation: HandshakeAllThreads (Deoptimize)
Event: 1.223 Executing VM operation: HandshakeAllThreads (Deoptimize) done
Event: 1.262 Executing VM operation: HandshakeAllThreads (Deoptimize)
Event: 1.262 Executing VM operation: HandshakeAllThreads (Deoptimize) done
Event: 1.262 Executing VM operation: ICBufferFull
Event: 1.262 Executing VM operation: ICBufferFull done

Events (15 events):
Event: 0.020 Thread 0x000002a78ef33120 Thread added: 0x000002a78ef33120
Event: 0.034 Thread 0x000002a7adf0ccf0 Thread added: 0x000002a7adf0ccf0
Event: 0.034 Thread 0x000002a7adf0dc10 Thread added: 0x000002a7adf0dc10
Event: 0.034 Thread 0x000002a7adf14440 Thread added: 0x000002a7adf14440
Event: 0.034 Thread 0x000002a7adf14ea0 Thread added: 0x000002a7adf14ea0
Event: 0.034 Thread 0x000002a7adf1db90 Thread added: 0x000002a7adf1db90
Event: 0.034 Thread 0x000002a7adf1e5f0 Thread added: 0x000002a7adf1e5f0
Event: 0.034 Thread 0x000002a7adf22880 Thread added: 0x000002a7adf22880
Event: 0.034 Thread 0x000002a7adf29360 Thread added: 0x000002a7adf29360
Event: 0.047 Thread 0x000002a7f326c420 Thread added: 0x000002a7f326c420
Event: 0.048 Thread 0x000002a7f327ab10 Thread added: 0x000002a7f327ab10
Event: 0.108 Thread 0x000002a7f343a1e0 Thread added: 0x000002a7f343a1e0
Event: 0.136 Thread 0x000002a7f357dcb0 Thread added: 0x000002a7f357dcb0
Event: 0.148 Thread 0x000002a7f357dcb0 Thread exited: 0x000002a7f357dcb0
Event: 0.474 Thread 0x000002a7f3f03550 Thread added: 0x000002a7f3f03550


Dynamic libraries:
0x00007ff7785b0000 - 0x00007ff7785c0000 	C:\Program Files\Java\jdk-22\bin\java.exe
0x00007ffea63d0000 - 0x00007ffea65c8000 	C:\Windows\SYSTEM32\ntdll.dll
0x00007ffea56a0000 - 0x00007ffea5761000 	C:\Windows\System32\KERNEL32.DLL
0x00007ffea3b20000 - 0x00007ffea3e1d000 	C:\Windows\System32\KERNELBASE.dll
0x00007ffea4300000 - 0x00007ffea4400000 	C:\Windows\System32\ucrtbase.dll
0x00007ffe820a0000 - 0x00007ffe820b7000 	C:\Program Files\Java\jdk-22\bin\jli.dll
0x00007ffe82e90000 - 0x00007ffe82eab000 	C:\Program Files\Java\jdk-22\bin\VCRUNTIME140.dll
0x00007ffea4f20000 - 0x00007ffea4fd0000 	C:\Windows\System32\ADVAPI32.dll
0x00007ffea5b80000 - 0x00007ffea5c1e000 	C:\Windows\System32\msvcrt.dll
0x00007ffea5210000 - 0x00007ffea52b0000 	C:\Windows\System32\sechost.dll
0x00007ffea50e0000 - 0x00007ffea5203000 	C:\Windows\System32\RPCRT4.dll
0x00007ffea3e20000 - 0x00007ffea3e47000 	C:\Windows\System32\bcrypt.dll
0x00007ffea59e0000 - 0x00007ffea5b7d000 	C:\Windows\System32\USER32.dll
0x00007ffea4160000 - 0x00007ffea4182000 	C:\Windows\System32\win32u.dll
0x00007ffe8cbb0000 - 0x00007ffe8ce4a000 	C:\Windows\WinSxS\amd64_microsoft.windows.common-controls_6595b64144ccf1df_6.0.19041.4355_none_60b8b9eb71f62e16\COMCTL32.dll
0x00007ffea5770000 - 0x00007ffea579b000 	C:\Windows\System32\GDI32.dll
0x00007ffea4040000 - 0x00007ffea4157000 	C:\Windows\System32\gdi32full.dll
0x00007ffea3a80000 - 0x00007ffea3b1d000 	C:\Windows\System32\msvcp_win.dll
0x00007ffe9c0d0000 - 0x00007ffe9c0da000 	C:\Windows\SYSTEM32\VERSION.dll
0x00007ffea4fd0000 - 0x00007ffea4fff000 	C:\Windows\System32\IMM32.DLL
0x00007ffe8b970000 - 0x00007ffe8b97c000 	C:\Program Files\Java\jdk-22\bin\vcruntime140_1.dll
0x00007ffe68530000 - 0x00007ffe685be000 	C:\Program Files\Java\jdk-22\bin\msvcp140.dll
0x00007ffe41490000 - 0x00007ffe421d7000 	C:\Program Files\Java\jdk-22\bin\server\jvm.dll
0x00007ffea4b10000 - 0x00007ffea4b7b000 	C:\Windows\System32\WS2_32.dll
0x00007ffe93b70000 - 0x00007ffe93b97000 	C:\Windows\SYSTEM32\WINMM.dll
0x00007ffea2fc0000 - 0x00007ffea300b000 	C:\Windows\SYSTEM32\POWRPROF.dll
0x00007ffea2e80000 - 0x00007ffea2e92000 	C:\Windows\SYSTEM32\UMPDC.dll
0x00007ffea22f0000 - 0x00007ffea2302000 	C:\Windows\SYSTEM32\kernel.appcore.dll
0x00007ffe8b770000 - 0x00007ffe8b77a000 	C:\Program Files\Java\jdk-22\bin\jimage.dll
0x00007ffea1820000 - 0x00007ffea1a04000 	C:\Windows\SYSTEM32\DBGHELP.DLL
0x00007ffe75440000 - 0x00007ffe75474000 	C:\Windows\SYSTEM32\dbgcore.DLL
0x00007ffea3e50000 - 0x00007ffea3ed2000 	C:\Windows\System32\bcryptPrimitives.dll
0x00007ffe81b00000 - 0x00007ffe81b1e000 	C:\Program Files\Java\jdk-22\bin\java.dll
0x00007ffea5c20000 - 0x00007ffea638f000 	C:\Windows\System32\SHELL32.dll
0x00007ffea4ce0000 - 0x00007ffea4e0b000 	C:\Windows\System32\ole32.dll
0x00007ffea52c0000 - 0x00007ffea5613000 	C:\Windows\System32\combase.dll
0x00007ffea1a10000 - 0x00007ffea21b2000 	C:\Windows\SYSTEM32\windows.storage.dll
0x00007ffea34b0000 - 0x00007ffea34de000 	C:\Windows\SYSTEM32\Wldp.dll
0x00007ffea4b80000 - 0x00007ffea4c4d000 	C:\Windows\System32\OLEAUT32.dll
0x00007ffea4a00000 - 0x00007ffea4aad000 	C:\Windows\System32\SHCORE.dll
0x00007ffea4400000 - 0x00007ffea4455000 	C:\Windows\System32\shlwapi.dll
0x00007ffea39b0000 - 0x00007ffea39d4000 	C:\Windows\SYSTEM32\profapi.dll
0x00007ffe5e920000 - 0x00007ffe5e9f7000 	C:\Program Files\Java\jdk-22\bin\jsvml.dll
0x00007ffe8a390000 - 0x00007ffe8a3a0000 	C:\Program Files\Java\jdk-22\bin\net.dll
0x00007ffea3210000 - 0x00007ffea327a000 	C:\Windows\system32\mswsock.dll
0x00007ffe7ecc0000 - 0x00007ffe7ecd6000 	C:\Program Files\Java\jdk-22\bin\nio.dll
0x00007ffe77450000 - 0x00007ffe77467000 	C:\Program Files\Java\jdk-22\bin\zip.dll
0x00007ffe8c460000 - 0x00007ffe8c484000 	D:\SOFT\apache-maven-3.9.8-bin\apache-maven-3.9.8\lib\jansi-native\Windows\x86_64\jansi.dll
0x00007ffe9c3e0000 - 0x00007ffe9c3f0000 	C:\Program Files\Java\jdk-22\bin\verify.dll

dbghelp: loaded successfully - version: 4.0.5 - missing functions: none
symbol engine: initialized successfully - sym options: 0x614 - pdb path: .;C:\Program Files\Java\jdk-22\bin;C:\Windows\SYSTEM32;C:\Windows\WinSxS\amd64_microsoft.windows.common-controls_6595b64144ccf1df_6.0.19041.4355_none_60b8b9eb71f62e16;C:\Program Files\Java\jdk-22\bin\server;D:\SOFT\apache-maven-3.9.8-bin\apache-maven-3.9.8\lib\jansi-native\Windows\x86_64

VM Arguments:
jvm_args: -Dclassworlds.conf=D:\SOFT\apache-maven-3.9.8-bin\apache-maven-3.9.8\bin\m2.conf -Dmaven.home=D:\SOFT\apache-maven-3.9.8-bin\apache-maven-3.9.8 -Dlibrary.jansi.path=D:\SOFT\apache-maven-3.9.8-bin\apache-maven-3.9.8\lib\jansi-native -Dmaven.multiModuleProjectDirectory=d:\avbc\Documents\TelRun\util\leaner-recoursion 
java_command: org.codehaus.plexus.classworlds.launcher.Launcher -q help:effective-pom -Doutput=d:\avbc\Documents\TelRun\util\leaner-recoursion\linear-recursion\effective-pom.xml -f d:/avbc/Documents/TelRun/util/leaner-recoursion/linear-recursion/pom.xml
java_class_path (initial): D:\SOFT\apache-maven-3.9.8-bin\apache-maven-3.9.8\boot\plexus-classworlds-2.8.0.jar
Launcher Type: SUN_STANDARD

[Global flags]
     intx CICompilerCount                          = 4                                         {product} {ergonomic}
     uint ConcGCThreads                            = 2                                         {product} {ergonomic}
     uint G1ConcRefinementThreads                  = 8                                         {product} {ergonomic}
   size_t G1HeapRegionSize                         = 2097152                                   {product} {ergonomic}
   size_t InitialHeapSize                          = 264241152                                 {product} {ergonomic}
   size_t MarkStackSize                            = 4194304                                   {product} {ergonomic}
   size_t MaxHeapSize                              = 4217372672                                {product} {ergonomic}
   size_t MaxNewSize                               = 2529165312                                {product} {ergonomic}
   size_t MinHeapDeltaBytes                        = 2097152                                   {product} {ergonomic}
   size_t MinHeapSize                              = 8388608                                   {product} {ergonomic}
    uintx NonNMethodCodeHeapSize                   = 5839372                                {pd product} {ergonomic}
    uintx NonProfiledCodeHeapSize                  = 122909434                              {pd product} {ergonomic}
    uintx ProfiledCodeHeapSize                     = 122909434                              {pd product} {ergonomic}
    uintx ReservedCodeCacheSize                    = 251658240                              {pd product} {ergonomic}
     bool SegmentedCodeCache                       = true                                      {product} {ergonomic}
   size_t SoftMaxHeapSize                          = 4217372672                             {manageable} {ergonomic}
     bool UseCompressedOops                        = true                           {product lp64_product} {ergonomic}
     bool UseG1GC                                  = true                                      {product} {ergonomic}
     bool UseLargePagesIndividualAllocation        = false                                  {pd product} {ergonomic}

Logging:
Log output configuration:
 #0: stdout all=warning uptime,level,tags foldmultilines=false
 #1: stderr all=off uptime,level,tags foldmultilines=false

Environment Variables:
PATH=C:\Program Files\Common Files\Oracle\Java\javapath;C:\Windows\system32;C:\Windows;C:\Windows\System32\Wbem;C:\Windows\System32\WindowsPowerShell\v1.0\;C:\Windows\System32\OpenSSH\;C:\Program Files\WIDCOMM\Bluetooth Software\;C:\Program Files\WIDCOMM\Bluetooth Software\syswow64;C:\Program Files\WireGuard\;%JAVA_HOME%\bin;D:\SOFT\apache-maven-3.9.8-bin\apache-maven-3.9.8\bin;C:\Program Files\Git\bin;C:\Program Files\Microsoft VS Code\bin;C:\Users\1\AppData\Local\Microsoft\WindowsApps
USERNAME=1
OS=Windows_NT
PROCESSOR_IDENTIFIER=Intel64 Family 6 Model 140 Stepping 1, GenuineIntel
TMP=D:\avbc\TMP
TEMP=D:\avbc\TMP




Periodic native trim disabled

---------------  S Y S T E M  ---------------

OS:
 Windows 10 , 64 bit Build 19041 (10.0.19041.4842)
OS uptime: 9 days 23:36 hours

CPU: total 8 (initial active 8) (4 cores per cpu, 2 threads per core) family 6 model 140 stepping 1 microcode 0xae, cx8, cmov, fxsr, ht, mmx, 3dnowpref, sse, sse2, sse3, ssse3, sse4.1, sse4.2, popcnt, lzcnt, tsc, tscinvbit, avx, avx2, aes, erms, clmul, bmi1, bmi2, adx, avx512f, avx512dq, avx512cd, avx512bw, avx512vl, sha, fma, vzeroupper, avx512_vpopcntdq, avx512_vpclmulqdq, avx512_vaes, avx512_vnni, clflush, clflushopt, clwb, avx512_vbmi2, avx512_vbmi, rdtscp, rdpid, fsrm, gfni, avx512_bitalg, f16c, pku, cet_ibt, cet_ss, avx512_ifma
Processor Information for all 8 processors :
  Max Mhz: 2419, Current Mhz: 2419, Mhz Limit: 2419

Memory: 4k page, system-wide physical 16080M (2224M free)
TotalPageFile size 16080M (AvailPageFile size 8M)
current process WorkingSet (physical memory assigned to process): 126M, peak: 126M
current process commit charge ("private bytes"): 376M, peak: 377M

vm_info: Java HotSpot(TM) 64-Bit Server VM (22.0.1+8-16) for windows-amd64 JRE (22.0.1+8-16), built on 2024-03-12T10:33:16Z by "mach5one" with MS VC++ 17.6 (VS2022)

END.
